2020-10-30 20:05:18.323  INFO 12452 --- [restartedMain] l.z.c.community.CommunityApplication     : Starting CommunityApplication on DESKTOP-E4G1JJT with PID 12452 (D:\Item\programmerCommunity\target\classes started by slsher in D:\Item\programmerCommunity)
2020-10-30 20:05:18.329  INFO 12452 --- [restartedMain] l.z.c.community.CommunityApplication     : No active profile set, falling back to default profiles: default
2020-10-30 20:05:18.369  INFO 12452 --- [restartedMain] .e.DevToolsPropertyDefaultsPostProcessor : Devtools property defaults active! Set 'spring.devtools.add-properties' to 'false' to disable
2020-10-30 20:05:18.370  INFO 12452 --- [restartedMain] .e.DevToolsPropertyDefaultsPostProcessor : For additional web related logging consider setting the 'logging.level.web' property to 'DEBUG'
2020-10-30 20:05:19.281  INFO 12452 --- [restartedMain] o.s.b.w.embedded.tomcat.TomcatWebServer  : Tomcat initialized with port(s): 8887 (http)
2020-10-30 20:05:19.287  INFO 12452 --- [restartedMain] o.apache.catalina.core.StandardService   : Starting service [Tomcat]
2020-10-30 20:05:19.287  INFO 12452 --- [restartedMain] org.apache.catalina.core.StandardEngine  : Starting Servlet engine: [Apache Tomcat/9.0.38]
2020-10-30 20:05:19.347  INFO 12452 --- [restartedMain] o.a.c.c.C.[Tomcat].[localhost].[/]       : Initializing Spring embedded WebApplicationContext
2020-10-30 20:05:19.347  INFO 12452 --- [restartedMain] w.s.c.ServletWebServerApplicationContext : Root WebApplicationContext: initialization completed in 977 ms
2020-10-30 20:05:19.373  INFO 12452 --- [restartedMain] com.zaxxer.hikari.HikariDataSource       : HikariPool-1 - Starting...
2020-10-30 20:05:20.433 ERROR 12452 --- [restartedMain] com.zaxxer.hikari.pool.HikariPool        : HikariPool-1 - Exception during pool initialization.

org.h2.jdbc.JdbcSQLNonTransientConnectionException: Database may be already in use: null. Possible solutions: close all other connection(s); use the server mode [90020-200]
	at org.h2.message.DbException.getJdbcSQLException(DbException.java:622) ~[h2-1.4.200.jar:1.4.200]
	at org.h2.message.DbException.getJdbcSQLException(DbException.java:429) ~[h2-1.4.200.jar:1.4.200]
	at org.h2.message.DbException.get(DbException.java:194) ~[h2-1.4.200.jar:1.4.200]
	at org.h2.mvstore.db.MVTableEngine$Store.convertIllegalStateException(MVTableEngine.java:206) ~[h2-1.4.200.jar:1.4.200]
	at org.h2.mvstore.db.MVTableEngine$Store.open(MVTableEngine.java:182) ~[h2-1.4.200.jar:1.4.200]
	at org.h2.mvstore.db.MVTableEngine.init(MVTableEngine.java:103) ~[h2-1.4.200.jar:1.4.200]
	at org.h2.engine.Database.getPageStore(Database.java:2659) ~[h2-1.4.200.jar:1.4.200]
	at org.h2.engine.Database.open(Database.java:675) ~[h2-1.4.200.jar:1.4.200]
	at org.h2.engine.Database.openDatabase(Database.java:307) ~[h2-1.4.200.jar:1.4.200]
	at org.h2.engine.Database.<init>(Database.java:301) ~[h2-1.4.200.jar:1.4.200]
	at org.h2.engine.Engine.openSession(Engine.java:74) ~[h2-1.4.200.jar:1.4.200]
	at org.h2.engine.Engine.openSession(Engine.java:192) ~[h2-1.4.200.jar:1.4.200]
	at org.h2.engine.Engine.createSessionAndValidate(Engine.java:171) ~[h2-1.4.200.jar:1.4.200]
	at org.h2.engine.Engine.createSession(Engine.java:166) ~[h2-1.4.200.jar:1.4.200]
	at org.h2.engine.Engine.createSession(Engine.java:29) ~[h2-1.4.200.jar:1.4.200]
	at org.h2.engine.SessionRemote.connectEmbeddedOrServer(SessionRemote.java:340) ~[h2-1.4.200.jar:1.4.200]
	at org.h2.jdbc.JdbcConnection.<init>(JdbcConnection.java:173) ~[h2-1.4.200.jar:1.4.200]
	at org.h2.jdbc.JdbcConnection.<init>(JdbcConnection.java:152) ~[h2-1.4.200.jar:1.4.200]
	at org.h2.Driver.connect(Driver.java:69) ~[h2-1.4.200.jar:1.4.200]
	at com.zaxxer.hikari.util.DriverDataSource.getConnection(DriverDataSource.java:138) ~[HikariCP-3.4.5.jar:na]
	at com.zaxxer.hikari.pool.PoolBase.newConnection(PoolBase.java:358) ~[HikariCP-3.4.5.jar:na]
	at com.zaxxer.hikari.pool.PoolBase.newPoolEntry(PoolBase.java:206) ~[HikariCP-3.4.5.jar:na]
	at com.zaxxer.hikari.pool.HikariPool.createPoolEntry(HikariPool.java:477) [HikariCP-3.4.5.jar:na]
	at com.zaxxer.hikari.pool.HikariPool.checkFailFast(HikariPool.java:560) [HikariCP-3.4.5.jar:na]
	at com.zaxxer.hikari.pool.HikariPool.<init>(HikariPool.java:115) [HikariCP-3.4.5.jar:na]
	at com.zaxxer.hikari.HikariDataSource.getConnection(HikariDataSource.java:112) [HikariCP-3.4.5.jar:na]
	at org.springframework.boot.autoconfigure.h2.H2ConsoleAutoConfiguration.lambda$h2Console$0(H2ConsoleAutoConfiguration.java:73) [spring-boot-autoconfigure-2.3.4.RELEASE.jar:2.3.4.RELEASE]
	at org.springframework.beans.factory.ObjectProvider.ifAvailable(ObjectProvider.java:93) ~[spring-beans-5.2.9.RELEASE.jar:5.2.9.RELEASE]
	at org.springframework.boot.autoconfigure.h2.H2ConsoleAutoConfiguration.h2Console(H2ConsoleAutoConfiguration.java:72) [spring-boot-autoconfigure-2.3.4.RELEASE.jar:2.3.4.RELEASE]
	at sun.reflect.NativeMethodAccessorImpl.invoke0(Native Method) ~[na:1.8.0_261]
	at sun.reflect.NativeMethodAccessorImpl.invoke(NativeMethodAccessorImpl.java:62) ~[na:1.8.0_261]
	at sun.reflect.DelegatingMethodAccessorImpl.invoke(DelegatingMethodAccessorImpl.java:43) ~[na:1.8.0_261]
	at java.lang.reflect.Method.invoke(Method.java:498) ~[na:1.8.0_261]
	at org.springframework.beans.factory.support.SimpleInstantiationStrategy.instantiate(SimpleInstantiationStrategy.java:154) ~[spring-beans-5.2.9.RELEASE.jar:5.2.9.RELEASE]
	at org.springframework.beans.factory.support.ConstructorResolver.instantiate(ConstructorResolver.java:650) ~[spring-beans-5.2.9.RELEASE.jar:5.2.9.RELEASE]
	at org.springframework.beans.factory.support.ConstructorResolver.instantiateUsingFactoryMethod(ConstructorResolver.java:635) ~[spring-beans-5.2.9.RELEASE.jar:5.2.9.RELEASE]
	at org.springframework.beans.factory.support.AbstractAutowireCapableBeanFactory.instantiateUsingFactoryMethod(AbstractAutowireCapableBeanFactory.java:1336) ~[spring-beans-5.2.9.RELEASE.jar:5.2.9.RELEASE]
	at org.springframework.beans.factory.support.AbstractAutowireCapableBeanFactory.createBeanInstance(AbstractAutowireCapableBeanFactory.java:1176) ~[spring-beans-5.2.9.RELEASE.jar:5.2.9.RELEASE]
	at org.springframework.beans.factory.support.AbstractAutowireCapableBeanFactory.doCreateBean(AbstractAutowireCapableBeanFactory.java:556) ~[spring-beans-5.2.9.RELEASE.jar:5.2.9.RELEASE]
	at org.springframework.beans.factory.support.AbstractAutowireCapableBeanFactory.createBean(AbstractAutowireCapableBeanFactory.java:516) ~[spring-beans-5.2.9.RELEASE.jar:5.2.9.RELEASE]
	at org.springframework.beans.factory.support.AbstractBeanFactory.lambda$doGetBean$0(AbstractBeanFactory.java:324) ~[spring-beans-5.2.9.RELEASE.jar:5.2.9.RELEASE]
	at org.springframework.beans.factory.support.DefaultSingletonBeanRegistry.getSingleton(DefaultSingletonBeanRegistry.java:234) ~[spring-beans-5.2.9.RELEASE.jar:5.2.9.RELEASE]
	at org.springframework.beans.factory.support.AbstractBeanFactory.doGetBean(AbstractBeanFactory.java:322) ~[spring-beans-5.2.9.RELEASE.jar:5.2.9.RELEASE]
	at org.springframework.beans.factory.support.AbstractBeanFactory.getBean(AbstractBeanFactory.java:207) ~[spring-beans-5.2.9.RELEASE.jar:5.2.9.RELEASE]
	at org.springframework.boot.web.servlet.ServletContextInitializerBeans.getOrderedBeansOfType(ServletContextInitializerBeans.java:211) ~[spring-boot-2.3.4.RELEASE.jar:2.3.4.RELEASE]
	at org.springframework.boot.web.servlet.ServletContextInitializerBeans.getOrderedBeansOfType(ServletContextInitializerBeans.java:202) ~[spring-boot-2.3.4.RELEASE.jar:2.3.4.RELEASE]
	at org.springframework.boot.web.servlet.ServletContextInitializerBeans.addServletContextInitializerBeans(ServletContextInitializerBeans.java:96) ~[spring-boot-2.3.4.RELEASE.jar:2.3.4.RELEASE]
	at org.springframework.boot.web.servlet.ServletContextInitializerBeans.<init>(ServletContextInitializerBeans.java:85) ~[spring-boot-2.3.4.RELEASE.jar:2.3.4.RELEASE]
	at org.springframework.boot.web.servlet.context.ServletWebServerApplicationContext.getServletContextInitializerBeans(ServletWebServerApplicationContext.java:255) ~[spring-boot-2.3.4.RELEASE.jar:2.3.4.RELEASE]
	at org.springframework.boot.web.servlet.context.ServletWebServerApplicationContext.selfInitialize(ServletWebServerApplicationContext.java:229) ~[spring-boot-2.3.4.RELEASE.jar:2.3.4.RELEASE]
	at org.springframework.boot.web.embedded.tomcat.TomcatStarter.onStartup(TomcatStarter.java:53) ~[spring-boot-2.3.4.RELEASE.jar:2.3.4.RELEASE]
	at org.apache.catalina.core.StandardContext.startInternal(StandardContext.java:5128) ~[tomcat-embed-core-9.0.38.jar:9.0.38]
	at org.apache.catalina.util.LifecycleBase.start(LifecycleBase.java:183) ~[tomcat-embed-core-9.0.38.jar:9.0.38]
	at org.apache.catalina.core.ContainerBase$StartChild.call(ContainerBase.java:1384) ~[tomcat-embed-core-9.0.38.jar:9.0.38]
	at org.apache.catalina.core.ContainerBase$StartChild.call(ContainerBase.java:1374) ~[tomcat-embed-core-9.0.38.jar:9.0.38]
	at java.util.concurrent.FutureTask.run(FutureTask.java:266) ~[na:1.8.0_261]
	at org.apache.tomcat.util.threads.InlineExecutorService.execute(InlineExecutorService.java:75) ~[tomcat-embed-core-9.0.38.jar:9.0.38]
	at java.util.concurrent.AbstractExecutorService.submit(AbstractExecutorService.java:134) ~[na:1.8.0_261]
	at org.apache.catalina.core.ContainerBase.startInternal(ContainerBase.java:909) ~[tomcat-embed-core-9.0.38.jar:9.0.38]
	at org.apache.catalina.core.StandardHost.startInternal(StandardHost.java:843) ~[tomcat-embed-core-9.0.38.jar:9.0.38]
	at org.apache.catalina.util.LifecycleBase.start(LifecycleBase.java:183) ~[tomcat-embed-core-9.0.38.jar:9.0.38]
	at org.apache.catalina.core.ContainerBase$StartChild.call(ContainerBase.java:1384) ~[tomcat-embed-core-9.0.38.jar:9.0.38]
	at org.apache.catalina.core.ContainerBase$StartChild.call(ContainerBase.java:1374) ~[tomcat-embed-core-9.0.38.jar:9.0.38]
	at java.util.concurrent.FutureTask.run(FutureTask.java:266) ~[na:1.8.0_261]
	at org.apache.tomcat.util.threads.InlineExecutorService.execute(InlineExecutorService.java:75) ~[tomcat-embed-core-9.0.38.jar:9.0.38]
	at java.util.concurrent.AbstractExecutorService.submit(AbstractExecutorService.java:134) ~[na:1.8.0_261]
	at org.apache.catalina.core.ContainerBase.startInternal(ContainerBase.java:909) ~[tomcat-embed-core-9.0.38.jar:9.0.38]
	at org.apache.catalina.core.StandardEngine.startInternal(StandardEngine.java:262) ~[tomcat-embed-core-9.0.38.jar:9.0.38]
	at org.apache.catalina.util.LifecycleBase.start(LifecycleBase.java:183) ~[tomcat-embed-core-9.0.38.jar:9.0.38]
	at org.apache.catalina.core.StandardService.startInternal(StandardService.java:421) ~[tomcat-embed-core-9.0.38.jar:9.0.38]
	at org.apache.catalina.util.LifecycleBase.start(LifecycleBase.java:183) ~[tomcat-embed-core-9.0.38.jar:9.0.38]
	at org.apache.catalina.core.StandardServer.startInternal(StandardServer.java:930) ~[tomcat-embed-core-9.0.38.jar:9.0.38]
	at org.apache.catalina.util.LifecycleBase.start(LifecycleBase.java:183) ~[tomcat-embed-core-9.0.38.jar:9.0.38]
	at org.apache.catalina.startup.Tomcat.start(Tomcat.java:486) ~[tomcat-embed-core-9.0.38.jar:9.0.38]
	at org.springframework.boot.web.embedded.tomcat.TomcatWebServer.initialize(TomcatWebServer.java:123) ~[spring-boot-2.3.4.RELEASE.jar:2.3.4.RELEASE]
	at org.springframework.boot.web.embedded.tomcat.TomcatWebServer.<init>(TomcatWebServer.java:104) ~[spring-boot-2.3.4.RELEASE.jar:2.3.4.RELEASE]
	at org.springframework.boot.web.embedded.tomcat.TomcatServletWebServerFactory.getTomcatWebServer(TomcatServletWebServerFactory.java:437) ~[spring-boot-2.3.4.RELEASE.jar:2.3.4.RELEASE]
	at org.springframework.boot.web.embedded.tomcat.TomcatServletWebServerFactory.getWebServer(TomcatServletWebServerFactory.java:191) ~[spring-boot-2.3.4.RELEASE.jar:2.3.4.RELEASE]
	at org.springframework.boot.web.servlet.context.ServletWebServerApplicationContext.createWebServer(ServletWebServerApplicationContext.java:178) ~[spring-boot-2.3.4.RELEASE.jar:2.3.4.RELEASE]
	at org.springframework.boot.web.servlet.context.ServletWebServerApplicationContext.onRefresh(ServletWebServerApplicationContext.java:158) ~[spring-boot-2.3.4.RELEASE.jar:2.3.4.RELEASE]
	at org.springframework.context.support.AbstractApplicationContext.refresh(AbstractApplicationContext.java:545) ~[spring-context-5.2.9.RELEASE.jar:5.2.9.RELEASE]
	at org.springframework.boot.web.servlet.context.ServletWebServerApplicationContext.refresh(ServletWebServerApplicationContext.java:143) ~[spring-boot-2.3.4.RELEASE.jar:2.3.4.RELEASE]
	at org.springframework.boot.SpringApplication.refresh(SpringApplication.java:758) ~[spring-boot-2.3.4.RELEASE.jar:2.3.4.RELEASE]
	at org.springframework.boot.SpringApplication.refresh(SpringApplication.java:750) ~[spring-boot-2.3.4.RELEASE.jar:2.3.4.RELEASE]
	at org.springframework.boot.SpringApplication.refreshContext(SpringApplication.java:397) ~[spring-boot-2.3.4.RELEASE.jar:2.3.4.RELEASE]
	at org.springframework.boot.SpringApplication.run(SpringApplication.java:315) ~[spring-boot-2.3.4.RELEASE.jar:2.3.4.RELEASE]
	at org.springframework.boot.SpringApplication.run(SpringApplication.java:1237) ~[spring-boot-2.3.4.RELEASE.jar:2.3.4.RELEASE]
	at org.springframework.boot.SpringApplication.run(SpringApplication.java:1226) ~[spring-boot-2.3.4.RELEASE.jar:2.3.4.RELEASE]
	at life.zhiyuan.community.community.CommunityApplication.main(CommunityApplication.java:12) ~[classes/:na]
	at sun.reflect.NativeMethodAccessorImpl.invoke0(Native Method) ~[na:1.8.0_261]
	at sun.reflect.NativeMethodAccessorImpl.invoke(NativeMethodAccessorImpl.java:62) ~[na:1.8.0_261]
	at sun.reflect.DelegatingMethodAccessorImpl.invoke(DelegatingMethodAccessorImpl.java:43) ~[na:1.8.0_261]
	at java.lang.reflect.Method.invoke(Method.java:498) ~[na:1.8.0_261]
	at org.springframework.boot.devtools.restart.RestartLauncher.run(RestartLauncher.java:49) ~[spring-boot-devtools-2.3.4.RELEASE.jar:2.3.4.RELEASE]
Caused by: java.lang.IllegalStateException: The file is locked: nio:C:/Users/slsher/community.mv.db [1.4.200/7]
	at org.h2.mvstore.DataUtils.newIllegalStateException(DataUtils.java:950) ~[h2-1.4.200.jar:1.4.200]
	at org.h2.mvstore.FileStore.open(FileStore.java:172) ~[h2-1.4.200.jar:1.4.200]
	at org.h2.mvstore.MVStore.<init>(MVStore.java:381) ~[h2-1.4.200.jar:1.4.200]
	at org.h2.mvstore.MVStore$Builder.open(MVStore.java:3579) ~[h2-1.4.200.jar:1.4.200]
	at org.h2.mvstore.db.MVTableEngine$Store.open(MVTableEngine.java:170) ~[h2-1.4.200.jar:1.4.200]
	... 89 common frames omitted

2020-10-30 20:05:20.992  INFO 12452 --- [restartedMain] o.s.s.concurrent.ThreadPoolTaskExecutor  : Initializing ExecutorService 'applicationTaskExecutor'
2020-10-30 20:05:21.087  INFO 12452 --- [restartedMain] o.s.b.a.w.s.WelcomePageHandlerMapping    : Adding welcome page template: index
2020-10-30 20:05:21.411  INFO 12452 --- [restartedMain] o.s.b.d.a.OptionalLiveReloadServer       : LiveReload server is running on port 35729
2020-10-30 20:05:21.445  INFO 12452 --- [restartedMain] o.s.b.w.embedded.tomcat.TomcatWebServer  : Tomcat started on port(s): 8887 (http) with context path ''
2020-10-30 20:05:21.453  INFO 12452 --- [restartedMain] l.z.c.community.CommunityApplication     : Started CommunityApplication in 3.408 seconds (JVM running for 3.946)
2020-10-30 20:05:38.753  INFO 12452 --- [http-nio-8887-exec-1] o.a.c.c.C.[Tomcat].[localhost].[/]       : Initializing Spring DispatcherServlet 'dispatcherServlet'
2020-10-30 20:05:38.753  INFO 12452 --- [http-nio-8887-exec-1] o.s.web.servlet.DispatcherServlet        : Initializing Servlet 'dispatcherServlet'
2020-10-30 20:05:38.757  INFO 12452 --- [http-nio-8887-exec-1] o.s.web.servlet.DispatcherServlet        : Completed initialization in 4 ms
2020-10-30 20:05:38.796  INFO 12452 --- [http-nio-8887-exec-1] com.zaxxer.hikari.HikariDataSource       : HikariPool-1 - Starting...
2020-10-30 20:05:39.801 ERROR 12452 --- [http-nio-8887-exec-1] com.zaxxer.hikari.pool.HikariPool        : HikariPool-1 - Exception during pool initialization.

org.h2.jdbc.JdbcSQLNonTransientConnectionException: Database may be already in use: null. Possible solutions: close all other connection(s); use the server mode [90020-200]
	at org.h2.message.DbException.getJdbcSQLException(DbException.java:622) ~[h2-1.4.200.jar:1.4.200]
	at org.h2.message.DbException.getJdbcSQLException(DbException.java:429) ~[h2-1.4.200.jar:1.4.200]
	at org.h2.message.DbException.get(DbException.java:194) ~[h2-1.4.200.jar:1.4.200]
	at org.h2.mvstore.db.MVTableEngine$Store.convertIllegalStateException(MVTableEngine.java:206) ~[h2-1.4.200.jar:1.4.200]
	at org.h2.mvstore.db.MVTableEngine$Store.open(MVTableEngine.java:182) ~[h2-1.4.200.jar:1.4.200]
	at org.h2.mvstore.db.MVTableEngine.init(MVTableEngine.java:103) ~[h2-1.4.200.jar:1.4.200]
	at org.h2.engine.Database.getPageStore(Database.java:2659) ~[h2-1.4.200.jar:1.4.200]
	at org.h2.engine.Database.open(Database.java:675) ~[h2-1.4.200.jar:1.4.200]
	at org.h2.engine.Database.openDatabase(Database.java:307) ~[h2-1.4.200.jar:1.4.200]
	at org.h2.engine.Database.<init>(Database.java:301) ~[h2-1.4.200.jar:1.4.200]
	at org.h2.engine.Engine.openSession(Engine.java:74) ~[h2-1.4.200.jar:1.4.200]
	at org.h2.engine.Engine.openSession(Engine.java:192) ~[h2-1.4.200.jar:1.4.200]
	at org.h2.engine.Engine.createSessionAndValidate(Engine.java:171) ~[h2-1.4.200.jar:1.4.200]
	at org.h2.engine.Engine.createSession(Engine.java:166) ~[h2-1.4.200.jar:1.4.200]
	at org.h2.engine.Engine.createSession(Engine.java:29) ~[h2-1.4.200.jar:1.4.200]
	at org.h2.engine.SessionRemote.connectEmbeddedOrServer(SessionRemote.java:340) ~[h2-1.4.200.jar:1.4.200]
	at org.h2.jdbc.JdbcConnection.<init>(JdbcConnection.java:173) ~[h2-1.4.200.jar:1.4.200]
	at org.h2.jdbc.JdbcConnection.<init>(JdbcConnection.java:152) ~[h2-1.4.200.jar:1.4.200]
	at org.h2.Driver.connect(Driver.java:69) ~[h2-1.4.200.jar:1.4.200]
	at com.zaxxer.hikari.util.DriverDataSource.getConnection(DriverDataSource.java:138) ~[HikariCP-3.4.5.jar:na]
	at com.zaxxer.hikari.pool.PoolBase.newConnection(PoolBase.java:358) ~[HikariCP-3.4.5.jar:na]
	at com.zaxxer.hikari.pool.PoolBase.newPoolEntry(PoolBase.java:206) ~[HikariCP-3.4.5.jar:na]
	at com.zaxxer.hikari.pool.HikariPool.createPoolEntry(HikariPool.java:477) [HikariCP-3.4.5.jar:na]
	at com.zaxxer.hikari.pool.HikariPool.checkFailFast(HikariPool.java:560) [HikariCP-3.4.5.jar:na]
	at com.zaxxer.hikari.pool.HikariPool.<init>(HikariPool.java:115) [HikariCP-3.4.5.jar:na]
	at com.zaxxer.hikari.HikariDataSource.getConnection(HikariDataSource.java:112) [HikariCP-3.4.5.jar:na]
	at org.springframework.jdbc.datasource.DataSourceUtils.fetchConnection(DataSourceUtils.java:158) [spring-jdbc-5.2.9.RELEASE.jar:5.2.9.RELEASE]
	at org.springframework.jdbc.datasource.DataSourceUtils.doGetConnection(DataSourceUtils.java:116) [spring-jdbc-5.2.9.RELEASE.jar:5.2.9.RELEASE]
	at org.springframework.jdbc.datasource.DataSourceUtils.getConnection(DataSourceUtils.java:79) [spring-jdbc-5.2.9.RELEASE.jar:5.2.9.RELEASE]
	at org.mybatis.spring.transaction.SpringManagedTransaction.openConnection(SpringManagedTransaction.java:80) [mybatis-spring-2.0.3.jar:2.0.3]
	at org.mybatis.spring.transaction.SpringManagedTransaction.getConnection(SpringManagedTransaction.java:67) [mybatis-spring-2.0.3.jar:2.0.3]
	at org.apache.ibatis.executor.BaseExecutor.getConnection(BaseExecutor.java:336) [mybatis-3.5.3.jar:3.5.3]
	at org.apache.ibatis.executor.SimpleExecutor.prepareStatement(SimpleExecutor.java:86) [mybatis-3.5.3.jar:3.5.3]
	at org.apache.ibatis.executor.SimpleExecutor.doQuery(SimpleExecutor.java:62) [mybatis-3.5.3.jar:3.5.3]
	at org.apache.ibatis.executor.BaseExecutor.queryFromDatabase(BaseExecutor.java:324) [mybatis-3.5.3.jar:3.5.3]
	at org.apache.ibatis.executor.BaseExecutor.query(BaseExecutor.java:156) [mybatis-3.5.3.jar:3.5.3]
	at org.apache.ibatis.executor.CachingExecutor.query(CachingExecutor.java:109) [mybatis-3.5.3.jar:3.5.3]
	at org.apache.ibatis.executor.CachingExecutor.query(CachingExecutor.java:83) [mybatis-3.5.3.jar:3.5.3]
	at org.apache.ibatis.session.defaults.DefaultSqlSession.selectList(DefaultSqlSession.java:147) [mybatis-3.5.3.jar:3.5.3]
	at org.apache.ibatis.session.defaults.DefaultSqlSession.selectList(DefaultSqlSession.java:140) [mybatis-3.5.3.jar:3.5.3]
	at org.apache.ibatis.session.defaults.DefaultSqlSession.selectOne(DefaultSqlSession.java:76) [mybatis-3.5.3.jar:3.5.3]
	at sun.reflect.NativeMethodAccessorImpl.invoke0(Native Method) ~[na:1.8.0_261]
	at sun.reflect.NativeMethodAccessorImpl.invoke(NativeMethodAccessorImpl.java:62) ~[na:1.8.0_261]
	at sun.reflect.DelegatingMethodAccessorImpl.invoke(DelegatingMethodAccessorImpl.java:43) ~[na:1.8.0_261]
	at java.lang.reflect.Method.invoke(Method.java:498) ~[na:1.8.0_261]
	at org.mybatis.spring.SqlSessionTemplate$SqlSessionInterceptor.invoke(SqlSessionTemplate.java:426) [mybatis-spring-2.0.3.jar:2.0.3]
	at com.sun.proxy.$Proxy55.selectOne(Unknown Source) [na:na]
	at org.mybatis.spring.SqlSessionTemplate.selectOne(SqlSessionTemplate.java:159) [mybatis-spring-2.0.3.jar:2.0.3]
	at org.apache.ibatis.binding.MapperMethod.execute(MapperMethod.java:87) [mybatis-3.5.3.jar:3.5.3]
	at org.apache.ibatis.binding.MapperProxy.invoke(MapperProxy.java:93) [mybatis-3.5.3.jar:3.5.3]
	at com.sun.proxy.$Proxy57.countBySearch(Unknown Source) [na:na]
	at life.zhiyuan.community.community.service.QuestionService.list(QuestionService.java:95) [classes/:na]
	at life.zhiyuan.community.community.controller.IndexController.index(IndexController.java:42) [classes/:na]
	at sun.reflect.NativeMethodAccessorImpl.invoke0(Native Method) ~[na:1.8.0_261]
	at sun.reflect.NativeMethodAccessorImpl.invoke(NativeMethodAccessorImpl.java:62) ~[na:1.8.0_261]
	at sun.reflect.DelegatingMethodAccessorImpl.invoke(DelegatingMethodAccessorImpl.java:43) ~[na:1.8.0_261]
	at java.lang.reflect.Method.invoke(Method.java:498) ~[na:1.8.0_261]
	at org.springframework.web.method.support.InvocableHandlerMethod.doInvoke(InvocableHandlerMethod.java:190) [spring-web-5.2.9.RELEASE.jar:5.2.9.RELEASE]
	at org.springframework.web.method.support.InvocableHandlerMethod.invokeForRequest(InvocableHandlerMethod.java:138) [spring-web-5.2.9.RELEASE.jar:5.2.9.RELEASE]
	at org.springframework.web.servlet.mvc.method.annotation.ServletInvocableHandlerMethod.invokeAndHandle(ServletInvocableHandlerMethod.java:105) [spring-webmvc-5.2.9.RELEASE.jar:5.2.9.RELEASE]
	at org.springframework.web.servlet.mvc.method.annotation.RequestMappingHandlerAdapter.invokeHandlerMethod(RequestMappingHandlerAdapter.java:878) [spring-webmvc-5.2.9.RELEASE.jar:5.2.9.RELEASE]
	at org.springframework.web.servlet.mvc.method.annotation.RequestMappingHandlerAdapter.handleInternal(RequestMappingHandlerAdapter.java:792) [spring-webmvc-5.2.9.RELEASE.jar:5.2.9.RELEASE]
	at org.springframework.web.servlet.mvc.method.AbstractHandlerMethodAdapter.handle(AbstractHandlerMethodAdapter.java:87) [spring-webmvc-5.2.9.RELEASE.jar:5.2.9.RELEASE]
	at org.springframework.web.servlet.DispatcherServlet.doDispatch(DispatcherServlet.java:1040) [spring-webmvc-5.2.9.RELEASE.jar:5.2.9.RELEASE]
	at org.springframework.web.servlet.DispatcherServlet.doService(DispatcherServlet.java:943) [spring-webmvc-5.2.9.RELEASE.jar:5.2.9.RELEASE]
	at org.springframework.web.servlet.FrameworkServlet.processRequest(FrameworkServlet.java:1006) [spring-webmvc-5.2.9.RELEASE.jar:5.2.9.RELEASE]
	at org.springframework.web.servlet.FrameworkServlet.doGet(FrameworkServlet.java:898) [spring-webmvc-5.2.9.RELEASE.jar:5.2.9.RELEASE]
	at javax.servlet.http.HttpServlet.service(HttpServlet.java:626) [tomcat-embed-core-9.0.38.jar:4.0.FR]
	at org.springframework.web.servlet.FrameworkServlet.service(FrameworkServlet.java:883) [spring-webmvc-5.2.9.RELEASE.jar:5.2.9.RELEASE]
	at javax.servlet.http.HttpServlet.service(HttpServlet.java:733) [tomcat-embed-core-9.0.38.jar:4.0.FR]
	at org.apache.catalina.core.ApplicationFilterChain.internalDoFilter(ApplicationFilterChain.java:231) [tomcat-embed-core-9.0.38.jar:9.0.38]
	at org.apache.catalina.core.ApplicationFilterChain.doFilter(ApplicationFilterChain.java:166) [tomcat-embed-core-9.0.38.jar:9.0.38]
	at org.apache.tomcat.websocket.server.WsFilter.doFilter(WsFilter.java:53) [tomcat-embed-websocket-9.0.38.jar:9.0.38]
	at org.apache.catalina.core.ApplicationFilterChain.internalDoFilter(ApplicationFilterChain.java:193) [tomcat-embed-core-9.0.38.jar:9.0.38]
	at org.apache.catalina.core.ApplicationFilterChain.doFilter(ApplicationFilterChain.java:166) [tomcat-embed-core-9.0.38.jar:9.0.38]
	at org.springframework.web.filter.RequestContextFilter.doFilterInternal(RequestContextFilter.java:100) [spring-web-5.2.9.RELEASE.jar:5.2.9.RELEASE]
	at org.springframework.web.filter.OncePerRequestFilter.doFilter(OncePerRequestFilter.java:119) [spring-web-5.2.9.RELEASE.jar:5.2.9.RELEASE]
	at org.apache.catalina.core.ApplicationFilterChain.internalDoFilter(ApplicationFilterChain.java:193) [tomcat-embed-core-9.0.38.jar:9.0.38]
	at org.apache.catalina.core.ApplicationFilterChain.doFilter(ApplicationFilterChain.java:166) [tomcat-embed-core-9.0.38.jar:9.0.38]
	at org.springframework.web.filter.FormContentFilter.doFilterInternal(FormContentFilter.java:93) [spring-web-5.2.9.RELEASE.jar:5.2.9.RELEASE]
	at org.springframework.web.filter.OncePerRequestFilter.doFilter(OncePerRequestFilter.java:119) [spring-web-5.2.9.RELEASE.jar:5.2.9.RELEASE]
	at org.apache.catalina.core.ApplicationFilterChain.internalDoFilter(ApplicationFilterChain.java:193) [tomcat-embed-core-9.0.38.jar:9.0.38]
	at org.apache.catalina.core.ApplicationFilterChain.doFilter(ApplicationFilterChain.java:166) [tomcat-embed-core-9.0.38.jar:9.0.38]
	at org.springframework.web.filter.CharacterEncodingFilter.doFilterInternal(CharacterEncodingFilter.java:201) [spring-web-5.2.9.RELEASE.jar:5.2.9.RELEASE]
	at org.springframework.web.filter.OncePerRequestFilter.doFilter(OncePerRequestFilter.java:119) [spring-web-5.2.9.RELEASE.jar:5.2.9.RELEASE]
	at org.apache.catalina.core.ApplicationFilterChain.internalDoFilter(ApplicationFilterChain.java:193) [tomcat-embed-core-9.0.38.jar:9.0.38]
	at org.apache.catalina.core.ApplicationFilterChain.doFilter(ApplicationFilterChain.java:166) [tomcat-embed-core-9.0.38.jar:9.0.38]
	at org.apache.catalina.core.StandardWrapperValve.invoke(StandardWrapperValve.java:202) [tomcat-embed-core-9.0.38.jar:9.0.38]
	at org.apache.catalina.core.StandardContextValve.invoke(StandardContextValve.java:97) [tomcat-embed-core-9.0.38.jar:9.0.38]
	at org.apache.catalina.authenticator.AuthenticatorBase.invoke(AuthenticatorBase.java:541) [tomcat-embed-core-9.0.38.jar:9.0.38]
	at org.apache.catalina.core.StandardHostValve.invoke(StandardHostValve.java:143) [tomcat-embed-core-9.0.38.jar:9.0.38]
	at org.apache.catalina.valves.ErrorReportValve.invoke(ErrorReportValve.java:92) [tomcat-embed-core-9.0.38.jar:9.0.38]
	at org.apache.catalina.core.StandardEngineValve.invoke(StandardEngineValve.java:78) [tomcat-embed-core-9.0.38.jar:9.0.38]
	at org.apache.catalina.connector.CoyoteAdapter.service(CoyoteAdapter.java:343) [tomcat-embed-core-9.0.38.jar:9.0.38]
	at org.apache.coyote.http11.Http11Processor.service(Http11Processor.java:374) [tomcat-embed-core-9.0.38.jar:9.0.38]
	at org.apache.coyote.AbstractProcessorLight.process(AbstractProcessorLight.java:65) [tomcat-embed-core-9.0.38.jar:9.0.38]
	at org.apache.coyote.AbstractProtocol$ConnectionHandler.process(AbstractProtocol.java:868) [tomcat-embed-core-9.0.38.jar:9.0.38]
	at org.apache.tomcat.util.net.NioEndpoint$SocketProcessor.doRun(NioEndpoint.java:1590) [tomcat-embed-core-9.0.38.jar:9.0.38]
	at org.apache.tomcat.util.net.SocketProcessorBase.run(SocketProcessorBase.java:49) [tomcat-embed-core-9.0.38.jar:9.0.38]
	at java.util.concurrent.ThreadPoolExecutor.runWorker(ThreadPoolExecutor.java:1149) [na:1.8.0_261]
	at java.util.concurrent.ThreadPoolExecutor$Worker.run(ThreadPoolExecutor.java:624) [na:1.8.0_261]
	at org.apache.tomcat.util.threads.TaskThread$WrappingRunnable.run(TaskThread.java:61) [tomcat-embed-core-9.0.38.jar:9.0.38]
	at java.lang.Thread.run(Thread.java:748) [na:1.8.0_261]
Caused by: java.lang.IllegalStateException: The file is locked: nio:C:/Users/slsher/community.mv.db [1.4.200/7]
	at org.h2.mvstore.DataUtils.newIllegalStateException(DataUtils.java:950) ~[h2-1.4.200.jar:1.4.200]
	at org.h2.mvstore.FileStore.open(FileStore.java:172) ~[h2-1.4.200.jar:1.4.200]
	at org.h2.mvstore.MVStore.<init>(MVStore.java:381) ~[h2-1.4.200.jar:1.4.200]
	at org.h2.mvstore.MVStore$Builder.open(MVStore.java:3579) ~[h2-1.4.200.jar:1.4.200]
	at org.h2.mvstore.db.MVTableEngine$Store.open(MVTableEngine.java:170) ~[h2-1.4.200.jar:1.4.200]
	... 98 common frames omitted

2020-10-30 20:05:39.808  WARN 12452 --- [http-nio-8887-exec-1] .m.m.a.ExceptionHandlerExceptionResolver : Resolved [org.mybatis.spring.MyBatisSystemException: nested exception is org.apache.ibatis.exceptions.PersistenceException: 
### Error querying database.  Cause: org.springframework.jdbc.CannotGetJdbcConnectionException: Failed to obtain JDBC Connection; nested exception is org.h2.jdbc.JdbcSQLNonTransientConnectionException: Database may be already in use: null. Possible solutions: close all other connection(s); use the server mode [90020-200]
### The error may exist in file [D:\Item\programmerCommunity\target\classes\mapper\QuestionExtMapper.xml]
### The error may involve life.zhiyuan.community.community.mapper.QuestionExtMapper.countBySearch
### The error occurred while executing a query
### Cause: org.springframework.jdbc.CannotGetJdbcConnectionException: Failed to obtain JDBC Connection; nested exception is org.h2.jdbc.JdbcSQLNonTransientConnectionException: Database may be already in use: null. Possible solutions: close all other connection(s); use the server mode [90020-200]]
2020-10-30 20:05:41.817  INFO 12452 --- [http-nio-8887-exec-9] com.zaxxer.hikari.HikariDataSource       : HikariPool-1 - Starting...
2020-10-30 20:05:42.820 ERROR 12452 --- [http-nio-8887-exec-9] com.zaxxer.hikari.pool.HikariPool        : HikariPool-1 - Exception during pool initialization.

org.h2.jdbc.JdbcSQLNonTransientConnectionException: Database may be already in use: null. Possible solutions: close all other connection(s); use the server mode [90020-200]
	at org.h2.message.DbException.getJdbcSQLException(DbException.java:622) ~[h2-1.4.200.jar:1.4.200]
	at org.h2.message.DbException.getJdbcSQLException(DbException.java:429) ~[h2-1.4.200.jar:1.4.200]
	at org.h2.message.DbException.get(DbException.java:194) ~[h2-1.4.200.jar:1.4.200]
	at org.h2.mvstore.db.MVTableEngine$Store.convertIllegalStateException(MVTableEngine.java:206) ~[h2-1.4.200.jar:1.4.200]
	at org.h2.mvstore.db.MVTableEngine$Store.open(MVTableEngine.java:182) ~[h2-1.4.200.jar:1.4.200]
	at org.h2.mvstore.db.MVTableEngine.init(MVTableEngine.java:103) ~[h2-1.4.200.jar:1.4.200]
	at org.h2.engine.Database.getPageStore(Database.java:2659) ~[h2-1.4.200.jar:1.4.200]
	at org.h2.engine.Database.open(Database.java:675) ~[h2-1.4.200.jar:1.4.200]
	at org.h2.engine.Database.openDatabase(Database.java:307) ~[h2-1.4.200.jar:1.4.200]
	at org.h2.engine.Database.<init>(Database.java:301) ~[h2-1.4.200.jar:1.4.200]
	at org.h2.engine.Engine.openSession(Engine.java:74) ~[h2-1.4.200.jar:1.4.200]
	at org.h2.engine.Engine.openSession(Engine.java:192) ~[h2-1.4.200.jar:1.4.200]
	at org.h2.engine.Engine.createSessionAndValidate(Engine.java:171) ~[h2-1.4.200.jar:1.4.200]
	at org.h2.engine.Engine.createSession(Engine.java:166) ~[h2-1.4.200.jar:1.4.200]
	at org.h2.engine.Engine.createSession(Engine.java:29) ~[h2-1.4.200.jar:1.4.200]
	at org.h2.engine.SessionRemote.connectEmbeddedOrServer(SessionRemote.java:340) ~[h2-1.4.200.jar:1.4.200]
	at org.h2.jdbc.JdbcConnection.<init>(JdbcConnection.java:173) ~[h2-1.4.200.jar:1.4.200]
	at org.h2.jdbc.JdbcConnection.<init>(JdbcConnection.java:152) ~[h2-1.4.200.jar:1.4.200]
	at org.h2.Driver.connect(Driver.java:69) ~[h2-1.4.200.jar:1.4.200]
	at com.zaxxer.hikari.util.DriverDataSource.getConnection(DriverDataSource.java:138) ~[HikariCP-3.4.5.jar:na]
	at com.zaxxer.hikari.pool.PoolBase.newConnection(PoolBase.java:358) ~[HikariCP-3.4.5.jar:na]
	at com.zaxxer.hikari.pool.PoolBase.newPoolEntry(PoolBase.java:206) ~[HikariCP-3.4.5.jar:na]
	at com.zaxxer.hikari.pool.HikariPool.createPoolEntry(HikariPool.java:477) [HikariCP-3.4.5.jar:na]
	at com.zaxxer.hikari.pool.HikariPool.checkFailFast(HikariPool.java:560) [HikariCP-3.4.5.jar:na]
	at com.zaxxer.hikari.pool.HikariPool.<init>(HikariPool.java:115) [HikariCP-3.4.5.jar:na]
	at com.zaxxer.hikari.HikariDataSource.getConnection(HikariDataSource.java:112) [HikariCP-3.4.5.jar:na]
	at org.springframework.jdbc.datasource.DataSourceUtils.fetchConnection(DataSourceUtils.java:158) [spring-jdbc-5.2.9.RELEASE.jar:5.2.9.RELEASE]
	at org.springframework.jdbc.datasource.DataSourceUtils.doGetConnection(DataSourceUtils.java:116) [spring-jdbc-5.2.9.RELEASE.jar:5.2.9.RELEASE]
	at org.springframework.jdbc.datasource.DataSourceUtils.getConnection(DataSourceUtils.java:79) [spring-jdbc-5.2.9.RELEASE.jar:5.2.9.RELEASE]
	at org.mybatis.spring.transaction.SpringManagedTransaction.openConnection(SpringManagedTransaction.java:80) [mybatis-spring-2.0.3.jar:2.0.3]
	at org.mybatis.spring.transaction.SpringManagedTransaction.getConnection(SpringManagedTransaction.java:67) [mybatis-spring-2.0.3.jar:2.0.3]
	at org.apache.ibatis.executor.BaseExecutor.getConnection(BaseExecutor.java:336) [mybatis-3.5.3.jar:3.5.3]
	at org.apache.ibatis.executor.SimpleExecutor.prepareStatement(SimpleExecutor.java:86) [mybatis-3.5.3.jar:3.5.3]
	at org.apache.ibatis.executor.SimpleExecutor.doQuery(SimpleExecutor.java:62) [mybatis-3.5.3.jar:3.5.3]
	at org.apache.ibatis.executor.BaseExecutor.queryFromDatabase(BaseExecutor.java:324) [mybatis-3.5.3.jar:3.5.3]
	at org.apache.ibatis.executor.BaseExecutor.query(BaseExecutor.java:156) [mybatis-3.5.3.jar:3.5.3]
	at org.apache.ibatis.executor.CachingExecutor.query(CachingExecutor.java:109) [mybatis-3.5.3.jar:3.5.3]
	at org.apache.ibatis.executor.CachingExecutor.query(CachingExecutor.java:83) [mybatis-3.5.3.jar:3.5.3]
	at org.apache.ibatis.session.defaults.DefaultSqlSession.selectList(DefaultSqlSession.java:147) [mybatis-3.5.3.jar:3.5.3]
	at org.apache.ibatis.session.defaults.DefaultSqlSession.selectList(DefaultSqlSession.java:140) [mybatis-3.5.3.jar:3.5.3]
	at org.apache.ibatis.session.defaults.DefaultSqlSession.selectOne(DefaultSqlSession.java:76) [mybatis-3.5.3.jar:3.5.3]
	at sun.reflect.NativeMethodAccessorImpl.invoke0(Native Method) ~[na:1.8.0_261]
	at sun.reflect.NativeMethodAccessorImpl.invoke(NativeMethodAccessorImpl.java:62) ~[na:1.8.0_261]
	at sun.reflect.DelegatingMethodAccessorImpl.invoke(DelegatingMethodAccessorImpl.java:43) ~[na:1.8.0_261]
	at java.lang.reflect.Method.invoke(Method.java:498) ~[na:1.8.0_261]
	at org.mybatis.spring.SqlSessionTemplate$SqlSessionInterceptor.invoke(SqlSessionTemplate.java:426) [mybatis-spring-2.0.3.jar:2.0.3]
	at com.sun.proxy.$Proxy55.selectOne(Unknown Source) [na:na]
	at org.mybatis.spring.SqlSessionTemplate.selectOne(SqlSessionTemplate.java:159) [mybatis-spring-2.0.3.jar:2.0.3]
	at org.apache.ibatis.binding.MapperMethod.execute(MapperMethod.java:87) [mybatis-3.5.3.jar:3.5.3]
	at org.apache.ibatis.binding.MapperProxy.invoke(MapperProxy.java:93) [mybatis-3.5.3.jar:3.5.3]
	at com.sun.proxy.$Proxy57.countBySearch(Unknown Source) [na:na]
	at life.zhiyuan.community.community.service.QuestionService.list(QuestionService.java:95) [classes/:na]
	at life.zhiyuan.community.community.controller.IndexController.index(IndexController.java:42) [classes/:na]
	at sun.reflect.NativeMethodAccessorImpl.invoke0(Native Method) ~[na:1.8.0_261]
	at sun.reflect.NativeMethodAccessorImpl.invoke(NativeMethodAccessorImpl.java:62) ~[na:1.8.0_261]
	at sun.reflect.DelegatingMethodAccessorImpl.invoke(DelegatingMethodAccessorImpl.java:43) ~[na:1.8.0_261]
	at java.lang.reflect.Method.invoke(Method.java:498) ~[na:1.8.0_261]
	at org.springframework.web.method.support.InvocableHandlerMethod.doInvoke(InvocableHandlerMethod.java:190) [spring-web-5.2.9.RELEASE.jar:5.2.9.RELEASE]
	at org.springframework.web.method.support.InvocableHandlerMethod.invokeForRequest(InvocableHandlerMethod.java:138) [spring-web-5.2.9.RELEASE.jar:5.2.9.RELEASE]
	at org.springframework.web.servlet.mvc.method.annotation.ServletInvocableHandlerMethod.invokeAndHandle(ServletInvocableHandlerMethod.java:105) [spring-webmvc-5.2.9.RELEASE.jar:5.2.9.RELEASE]
	at org.springframework.web.servlet.mvc.method.annotation.RequestMappingHandlerAdapter.invokeHandlerMethod(RequestMappingHandlerAdapter.java:878) [spring-webmvc-5.2.9.RELEASE.jar:5.2.9.RELEASE]
	at org.springframework.web.servlet.mvc.method.annotation.RequestMappingHandlerAdapter.handleInternal(RequestMappingHandlerAdapter.java:792) [spring-webmvc-5.2.9.RELEASE.jar:5.2.9.RELEASE]
	at org.springframework.web.servlet.mvc.method.AbstractHandlerMethodAdapter.handle(AbstractHandlerMethodAdapter.java:87) [spring-webmvc-5.2.9.RELEASE.jar:5.2.9.RELEASE]
	at org.springframework.web.servlet.DispatcherServlet.doDispatch(DispatcherServlet.java:1040) [spring-webmvc-5.2.9.RELEASE.jar:5.2.9.RELEASE]
	at org.springframework.web.servlet.DispatcherServlet.doService(DispatcherServlet.java:943) [spring-webmvc-5.2.9.RELEASE.jar:5.2.9.RELEASE]
	at org.springframework.web.servlet.FrameworkServlet.processRequest(FrameworkServlet.java:1006) [spring-webmvc-5.2.9.RELEASE.jar:5.2.9.RELEASE]
	at org.springframework.web.servlet.FrameworkServlet.doGet(FrameworkServlet.java:898) [spring-webmvc-5.2.9.RELEASE.jar:5.2.9.RELEASE]
	at javax.servlet.http.HttpServlet.service(HttpServlet.java:626) [tomcat-embed-core-9.0.38.jar:4.0.FR]
	at org.springframework.web.servlet.FrameworkServlet.service(FrameworkServlet.java:883) [spring-webmvc-5.2.9.RELEASE.jar:5.2.9.RELEASE]
	at javax.servlet.http.HttpServlet.service(HttpServlet.java:733) [tomcat-embed-core-9.0.38.jar:4.0.FR]
	at org.apache.catalina.core.ApplicationFilterChain.internalDoFilter(ApplicationFilterChain.java:231) [tomcat-embed-core-9.0.38.jar:9.0.38]
	at org.apache.catalina.core.ApplicationFilterChain.doFilter(ApplicationFilterChain.java:166) [tomcat-embed-core-9.0.38.jar:9.0.38]
	at org.apache.tomcat.websocket.server.WsFilter.doFilter(WsFilter.java:53) [tomcat-embed-websocket-9.0.38.jar:9.0.38]
	at org.apache.catalina.core.ApplicationFilterChain.internalDoFilter(ApplicationFilterChain.java:193) [tomcat-embed-core-9.0.38.jar:9.0.38]
	at org.apache.catalina.core.ApplicationFilterChain.doFilter(ApplicationFilterChain.java:166) [tomcat-embed-core-9.0.38.jar:9.0.38]
	at org.springframework.web.filter.RequestContextFilter.doFilterInternal(RequestContextFilter.java:100) [spring-web-5.2.9.RELEASE.jar:5.2.9.RELEASE]
	at org.springframework.web.filter.OncePerRequestFilter.doFilter(OncePerRequestFilter.java:119) [spring-web-5.2.9.RELEASE.jar:5.2.9.RELEASE]
	at org.apache.catalina.core.ApplicationFilterChain.internalDoFilter(ApplicationFilterChain.java:193) [tomcat-embed-core-9.0.38.jar:9.0.38]
	at org.apache.catalina.core.ApplicationFilterChain.doFilter(ApplicationFilterChain.java:166) [tomcat-embed-core-9.0.38.jar:9.0.38]
	at org.springframework.web.filter.FormContentFilter.doFilterInternal(FormContentFilter.java:93) [spring-web-5.2.9.RELEASE.jar:5.2.9.RELEASE]
	at org.springframework.web.filter.OncePerRequestFilter.doFilter(OncePerRequestFilter.java:119) [spring-web-5.2.9.RELEASE.jar:5.2.9.RELEASE]
	at org.apache.catalina.core.ApplicationFilterChain.internalDoFilter(ApplicationFilterChain.java:193) [tomcat-embed-core-9.0.38.jar:9.0.38]
	at org.apache.catalina.core.ApplicationFilterChain.doFilter(ApplicationFilterChain.java:166) [tomcat-embed-core-9.0.38.jar:9.0.38]
	at org.springframework.web.filter.CharacterEncodingFilter.doFilterInternal(CharacterEncodingFilter.java:201) [spring-web-5.2.9.RELEASE.jar:5.2.9.RELEASE]
	at org.springframework.web.filter.OncePerRequestFilter.doFilter(OncePerRequestFilter.java:119) [spring-web-5.2.9.RELEASE.jar:5.2.9.RELEASE]
	at org.apache.catalina.core.ApplicationFilterChain.internalDoFilter(ApplicationFilterChain.java:193) [tomcat-embed-core-9.0.38.jar:9.0.38]
	at org.apache.catalina.core.ApplicationFilterChain.doFilter(ApplicationFilterChain.java:166) [tomcat-embed-core-9.0.38.jar:9.0.38]
	at org.apache.catalina.core.StandardWrapperValve.invoke(StandardWrapperValve.java:202) [tomcat-embed-core-9.0.38.jar:9.0.38]
	at org.apache.catalina.core.StandardContextValve.invoke(StandardContextValve.java:97) [tomcat-embed-core-9.0.38.jar:9.0.38]
	at org.apache.catalina.authenticator.AuthenticatorBase.invoke(AuthenticatorBase.java:541) [tomcat-embed-core-9.0.38.jar:9.0.38]
	at org.apache.catalina.core.StandardHostValve.invoke(StandardHostValve.java:143) [tomcat-embed-core-9.0.38.jar:9.0.38]
	at org.apache.catalina.valves.ErrorReportValve.invoke(ErrorReportValve.java:92) [tomcat-embed-core-9.0.38.jar:9.0.38]
	at org.apache.catalina.core.StandardEngineValve.invoke(StandardEngineValve.java:78) [tomcat-embed-core-9.0.38.jar:9.0.38]
	at org.apache.catalina.connector.CoyoteAdapter.service(CoyoteAdapter.java:343) [tomcat-embed-core-9.0.38.jar:9.0.38]
	at org.apache.coyote.http11.Http11Processor.service(Http11Processor.java:374) [tomcat-embed-core-9.0.38.jar:9.0.38]
	at org.apache.coyote.AbstractProcessorLight.process(AbstractProcessorLight.java:65) [tomcat-embed-core-9.0.38.jar:9.0.38]
	at org.apache.coyote.AbstractProtocol$ConnectionHandler.process(AbstractProtocol.java:868) [tomcat-embed-core-9.0.38.jar:9.0.38]
	at org.apache.tomcat.util.net.NioEndpoint$SocketProcessor.doRun(NioEndpoint.java:1590) [tomcat-embed-core-9.0.38.jar:9.0.38]
	at org.apache.tomcat.util.net.SocketProcessorBase.run(SocketProcessorBase.java:49) [tomcat-embed-core-9.0.38.jar:9.0.38]
	at java.util.concurrent.ThreadPoolExecutor.runWorker(ThreadPoolExecutor.java:1149) [na:1.8.0_261]
	at java.util.concurrent.ThreadPoolExecutor$Worker.run(ThreadPoolExecutor.java:624) [na:1.8.0_261]
	at org.apache.tomcat.util.threads.TaskThread$WrappingRunnable.run(TaskThread.java:61) [tomcat-embed-core-9.0.38.jar:9.0.38]
	at java.lang.Thread.run(Thread.java:748) [na:1.8.0_261]
Caused by: java.lang.IllegalStateException: The file is locked: nio:C:/Users/slsher/community.mv.db [1.4.200/7]
	at org.h2.mvstore.DataUtils.newIllegalStateException(DataUtils.java:950) ~[h2-1.4.200.jar:1.4.200]
	at org.h2.mvstore.FileStore.open(FileStore.java:172) ~[h2-1.4.200.jar:1.4.200]
	at org.h2.mvstore.MVStore.<init>(MVStore.java:381) ~[h2-1.4.200.jar:1.4.200]
	at org.h2.mvstore.MVStore$Builder.open(MVStore.java:3579) ~[h2-1.4.200.jar:1.4.200]
	at org.h2.mvstore.db.MVTableEngine$Store.open(MVTableEngine.java:170) ~[h2-1.4.200.jar:1.4.200]
	... 98 common frames omitted

2020-10-30 20:05:42.822  WARN 12452 --- [http-nio-8887-exec-9] .m.m.a.ExceptionHandlerExceptionResolver : Resolved [org.mybatis.spring.MyBatisSystemException: nested exception is org.apache.ibatis.exceptions.PersistenceException: 
### Error querying database.  Cause: org.springframework.jdbc.CannotGetJdbcConnectionException: Failed to obtain JDBC Connection; nested exception is org.h2.jdbc.JdbcSQLNonTransientConnectionException: Database may be already in use: null. Possible solutions: close all other connection(s); use the server mode [90020-200]
### The error may exist in file [D:\Item\programmerCommunity\target\classes\mapper\QuestionExtMapper.xml]
### The error may involve life.zhiyuan.community.community.mapper.QuestionExtMapper.countBySearch
### The error occurred while executing a query
### Cause: org.springframework.jdbc.CannotGetJdbcConnectionException: Failed to obtain JDBC Connection; nested exception is org.h2.jdbc.JdbcSQLNonTransientConnectionException: Database may be already in use: null. Possible solutions: close all other connection(s); use the server mode [90020-200]]
2020-10-30 20:06:00.668  INFO 12924 --- [restartedMain] l.z.c.community.CommunityApplication     : Starting CommunityApplication on DESKTOP-E4G1JJT with PID 12924 (D:\Item\programmerCommunity\target\classes started by slsher in D:\Item\programmerCommunity)
2020-10-30 20:06:00.680  INFO 12924 --- [restartedMain] l.z.c.community.CommunityApplication     : No active profile set, falling back to default profiles: default
2020-10-30 20:06:00.737  INFO 12924 --- [restartedMain] .e.DevToolsPropertyDefaultsPostProcessor : Devtools property defaults active! Set 'spring.devtools.add-properties' to 'false' to disable
2020-10-30 20:06:00.737  INFO 12924 --- [restartedMain] .e.DevToolsPropertyDefaultsPostProcessor : For additional web related logging consider setting the 'logging.level.web' property to 'DEBUG'
2020-10-30 20:06:01.706  INFO 12924 --- [restartedMain] o.s.b.w.embedded.tomcat.TomcatWebServer  : Tomcat initialized with port(s): 8887 (http)
2020-10-30 20:06:01.713  INFO 12924 --- [restartedMain] o.apache.catalina.core.StandardService   : Starting service [Tomcat]
2020-10-30 20:06:01.713  INFO 12924 --- [restartedMain] org.apache.catalina.core.StandardEngine  : Starting Servlet engine: [Apache Tomcat/9.0.38]
2020-10-30 20:06:01.770  INFO 12924 --- [restartedMain] o.a.c.c.C.[Tomcat].[localhost].[/]       : Initializing Spring embedded WebApplicationContext
2020-10-30 20:06:01.770  INFO 12924 --- [restartedMain] w.s.c.ServletWebServerApplicationContext : Root WebApplicationContext: initialization completed in 1031 ms
2020-10-30 20:06:01.798  INFO 12924 --- [restartedMain] com.zaxxer.hikari.HikariDataSource       : HikariPool-1 - Starting...
2020-10-30 20:06:02.854 ERROR 12924 --- [restartedMain] com.zaxxer.hikari.pool.HikariPool        : HikariPool-1 - Exception during pool initialization.

org.h2.jdbc.JdbcSQLNonTransientConnectionException: Database may be already in use: null. Possible solutions: close all other connection(s); use the server mode [90020-200]
	at org.h2.message.DbException.getJdbcSQLException(DbException.java:622) ~[h2-1.4.200.jar:1.4.200]
	at org.h2.message.DbException.getJdbcSQLException(DbException.java:429) ~[h2-1.4.200.jar:1.4.200]
	at org.h2.message.DbException.get(DbException.java:194) ~[h2-1.4.200.jar:1.4.200]
	at org.h2.mvstore.db.MVTableEngine$Store.convertIllegalStateException(MVTableEngine.java:206) ~[h2-1.4.200.jar:1.4.200]
	at org.h2.mvstore.db.MVTableEngine$Store.open(MVTableEngine.java:182) ~[h2-1.4.200.jar:1.4.200]
	at org.h2.mvstore.db.MVTableEngine.init(MVTableEngine.java:103) ~[h2-1.4.200.jar:1.4.200]
	at org.h2.engine.Database.getPageStore(Database.java:2659) ~[h2-1.4.200.jar:1.4.200]
	at org.h2.engine.Database.open(Database.java:675) ~[h2-1.4.200.jar:1.4.200]
	at org.h2.engine.Database.openDatabase(Database.java:307) ~[h2-1.4.200.jar:1.4.200]
	at org.h2.engine.Database.<init>(Database.java:301) ~[h2-1.4.200.jar:1.4.200]
	at org.h2.engine.Engine.openSession(Engine.java:74) ~[h2-1.4.200.jar:1.4.200]
	at org.h2.engine.Engine.openSession(Engine.java:192) ~[h2-1.4.200.jar:1.4.200]
	at org.h2.engine.Engine.createSessionAndValidate(Engine.java:171) ~[h2-1.4.200.jar:1.4.200]
	at org.h2.engine.Engine.createSession(Engine.java:166) ~[h2-1.4.200.jar:1.4.200]
	at org.h2.engine.Engine.createSession(Engine.java:29) ~[h2-1.4.200.jar:1.4.200]
	at org.h2.engine.SessionRemote.connectEmbeddedOrServer(SessionRemote.java:340) ~[h2-1.4.200.jar:1.4.200]
	at org.h2.jdbc.JdbcConnection.<init>(JdbcConnection.java:173) ~[h2-1.4.200.jar:1.4.200]
	at org.h2.jdbc.JdbcConnection.<init>(JdbcConnection.java:152) ~[h2-1.4.200.jar:1.4.200]
	at org.h2.Driver.connect(Driver.java:69) ~[h2-1.4.200.jar:1.4.200]
	at com.zaxxer.hikari.util.DriverDataSource.getConnection(DriverDataSource.java:138) ~[HikariCP-3.4.5.jar:na]
	at com.zaxxer.hikari.pool.PoolBase.newConnection(PoolBase.java:358) ~[HikariCP-3.4.5.jar:na]
	at com.zaxxer.hikari.pool.PoolBase.newPoolEntry(PoolBase.java:206) ~[HikariCP-3.4.5.jar:na]
	at com.zaxxer.hikari.pool.HikariPool.createPoolEntry(HikariPool.java:477) [HikariCP-3.4.5.jar:na]
	at com.zaxxer.hikari.pool.HikariPool.checkFailFast(HikariPool.java:560) [HikariCP-3.4.5.jar:na]
	at com.zaxxer.hikari.pool.HikariPool.<init>(HikariPool.java:115) [HikariCP-3.4.5.jar:na]
	at com.zaxxer.hikari.HikariDataSource.getConnection(HikariDataSource.java:112) [HikariCP-3.4.5.jar:na]
	at org.springframework.boot.autoconfigure.h2.H2ConsoleAutoConfiguration.lambda$h2Console$0(H2ConsoleAutoConfiguration.java:73) [spring-boot-autoconfigure-2.3.4.RELEASE.jar:2.3.4.RELEASE]
	at org.springframework.beans.factory.ObjectProvider.ifAvailable(ObjectProvider.java:93) ~[spring-beans-5.2.9.RELEASE.jar:5.2.9.RELEASE]
	at org.springframework.boot.autoconfigure.h2.H2ConsoleAutoConfiguration.h2Console(H2ConsoleAutoConfiguration.java:72) [spring-boot-autoconfigure-2.3.4.RELEASE.jar:2.3.4.RELEASE]
	at sun.reflect.NativeMethodAccessorImpl.invoke0(Native Method) ~[na:1.8.0_261]
	at sun.reflect.NativeMethodAccessorImpl.invoke(NativeMethodAccessorImpl.java:62) ~[na:1.8.0_261]
	at sun.reflect.DelegatingMethodAccessorImpl.invoke(DelegatingMethodAccessorImpl.java:43) ~[na:1.8.0_261]
	at java.lang.reflect.Method.invoke(Method.java:498) ~[na:1.8.0_261]
	at org.springframework.beans.factory.support.SimpleInstantiationStrategy.instantiate(SimpleInstantiationStrategy.java:154) ~[spring-beans-5.2.9.RELEASE.jar:5.2.9.RELEASE]
	at org.springframework.beans.factory.support.ConstructorResolver.instantiate(ConstructorResolver.java:650) ~[spring-beans-5.2.9.RELEASE.jar:5.2.9.RELEASE]
	at org.springframework.beans.factory.support.ConstructorResolver.instantiateUsingFactoryMethod(ConstructorResolver.java:635) ~[spring-beans-5.2.9.RELEASE.jar:5.2.9.RELEASE]
	at org.springframework.beans.factory.support.AbstractAutowireCapableBeanFactory.instantiateUsingFactoryMethod(AbstractAutowireCapableBeanFactory.java:1336) ~[spring-beans-5.2.9.RELEASE.jar:5.2.9.RELEASE]
	at org.springframework.beans.factory.support.AbstractAutowireCapableBeanFactory.createBeanInstance(AbstractAutowireCapableBeanFactory.java:1176) ~[spring-beans-5.2.9.RELEASE.jar:5.2.9.RELEASE]
	at org.springframework.beans.factory.support.AbstractAutowireCapableBeanFactory.doCreateBean(AbstractAutowireCapableBeanFactory.java:556) ~[spring-beans-5.2.9.RELEASE.jar:5.2.9.RELEASE]
	at org.springframework.beans.factory.support.AbstractAutowireCapableBeanFactory.createBean(AbstractAutowireCapableBeanFactory.java:516) ~[spring-beans-5.2.9.RELEASE.jar:5.2.9.RELEASE]
	at org.springframework.beans.factory.support.AbstractBeanFactory.lambda$doGetBean$0(AbstractBeanFactory.java:324) ~[spring-beans-5.2.9.RELEASE.jar:5.2.9.RELEASE]
	at org.springframework.beans.factory.support.DefaultSingletonBeanRegistry.getSingleton(DefaultSingletonBeanRegistry.java:234) ~[spring-beans-5.2.9.RELEASE.jar:5.2.9.RELEASE]
	at org.springframework.beans.factory.support.AbstractBeanFactory.doGetBean(AbstractBeanFactory.java:322) ~[spring-beans-5.2.9.RELEASE.jar:5.2.9.RELEASE]
	at org.springframework.beans.factory.support.AbstractBeanFactory.getBean(AbstractBeanFactory.java:207) ~[spring-beans-5.2.9.RELEASE.jar:5.2.9.RELEASE]
	at org.springframework.boot.web.servlet.ServletContextInitializerBeans.getOrderedBeansOfType(ServletContextInitializerBeans.java:211) ~[spring-boot-2.3.4.RELEASE.jar:2.3.4.RELEASE]
	at org.springframework.boot.web.servlet.ServletContextInitializerBeans.getOrderedBeansOfType(ServletContextInitializerBeans.java:202) ~[spring-boot-2.3.4.RELEASE.jar:2.3.4.RELEASE]
	at org.springframework.boot.web.servlet.ServletContextInitializerBeans.addServletContextInitializerBeans(ServletContextInitializerBeans.java:96) ~[spring-boot-2.3.4.RELEASE.jar:2.3.4.RELEASE]
	at org.springframework.boot.web.servlet.ServletContextInitializerBeans.<init>(ServletContextInitializerBeans.java:85) ~[spring-boot-2.3.4.RELEASE.jar:2.3.4.RELEASE]
	at org.springframework.boot.web.servlet.context.ServletWebServerApplicationContext.getServletContextInitializerBeans(ServletWebServerApplicationContext.java:255) ~[spring-boot-2.3.4.RELEASE.jar:2.3.4.RELEASE]
	at org.springframework.boot.web.servlet.context.ServletWebServerApplicationContext.selfInitialize(ServletWebServerApplicationContext.java:229) ~[spring-boot-2.3.4.RELEASE.jar:2.3.4.RELEASE]
	at org.springframework.boot.web.embedded.tomcat.TomcatStarter.onStartup(TomcatStarter.java:53) ~[spring-boot-2.3.4.RELEASE.jar:2.3.4.RELEASE]
	at org.apache.catalina.core.StandardContext.startInternal(StandardContext.java:5128) ~[tomcat-embed-core-9.0.38.jar:9.0.38]
	at org.apache.catalina.util.LifecycleBase.start(LifecycleBase.java:183) ~[tomcat-embed-core-9.0.38.jar:9.0.38]
	at org.apache.catalina.core.ContainerBase$StartChild.call(ContainerBase.java:1384) ~[tomcat-embed-core-9.0.38.jar:9.0.38]
	at org.apache.catalina.core.ContainerBase$StartChild.call(ContainerBase.java:1374) ~[tomcat-embed-core-9.0.38.jar:9.0.38]
	at java.util.concurrent.FutureTask.run(FutureTask.java:266) ~[na:1.8.0_261]
	at org.apache.tomcat.util.threads.InlineExecutorService.execute(InlineExecutorService.java:75) ~[tomcat-embed-core-9.0.38.jar:9.0.38]
	at java.util.concurrent.AbstractExecutorService.submit(AbstractExecutorService.java:134) ~[na:1.8.0_261]
	at org.apache.catalina.core.ContainerBase.startInternal(ContainerBase.java:909) ~[tomcat-embed-core-9.0.38.jar:9.0.38]
	at org.apache.catalina.core.StandardHost.startInternal(StandardHost.java:843) ~[tomcat-embed-core-9.0.38.jar:9.0.38]
	at org.apache.catalina.util.LifecycleBase.start(LifecycleBase.java:183) ~[tomcat-embed-core-9.0.38.jar:9.0.38]
	at org.apache.catalina.core.ContainerBase$StartChild.call(ContainerBase.java:1384) ~[tomcat-embed-core-9.0.38.jar:9.0.38]
	at org.apache.catalina.core.ContainerBase$StartChild.call(ContainerBase.java:1374) ~[tomcat-embed-core-9.0.38.jar:9.0.38]
	at java.util.concurrent.FutureTask.run(FutureTask.java:266) ~[na:1.8.0_261]
	at org.apache.tomcat.util.threads.InlineExecutorService.execute(InlineExecutorService.java:75) ~[tomcat-embed-core-9.0.38.jar:9.0.38]
	at java.util.concurrent.AbstractExecutorService.submit(AbstractExecutorService.java:134) ~[na:1.8.0_261]
	at org.apache.catalina.core.ContainerBase.startInternal(ContainerBase.java:909) ~[tomcat-embed-core-9.0.38.jar:9.0.38]
	at org.apache.catalina.core.StandardEngine.startInternal(StandardEngine.java:262) ~[tomcat-embed-core-9.0.38.jar:9.0.38]
	at org.apache.catalina.util.LifecycleBase.start(LifecycleBase.java:183) ~[tomcat-embed-core-9.0.38.jar:9.0.38]
	at org.apache.catalina.core.StandardService.startInternal(StandardService.java:421) ~[tomcat-embed-core-9.0.38.jar:9.0.38]
	at org.apache.catalina.util.LifecycleBase.start(LifecycleBase.java:183) ~[tomcat-embed-core-9.0.38.jar:9.0.38]
	at org.apache.catalina.core.StandardServer.startInternal(StandardServer.java:930) ~[tomcat-embed-core-9.0.38.jar:9.0.38]
	at org.apache.catalina.util.LifecycleBase.start(LifecycleBase.java:183) ~[tomcat-embed-core-9.0.38.jar:9.0.38]
	at org.apache.catalina.startup.Tomcat.start(Tomcat.java:486) ~[tomcat-embed-core-9.0.38.jar:9.0.38]
	at org.springframework.boot.web.embedded.tomcat.TomcatWebServer.initialize(TomcatWebServer.java:123) ~[spring-boot-2.3.4.RELEASE.jar:2.3.4.RELEASE]
	at org.springframework.boot.web.embedded.tomcat.TomcatWebServer.<init>(TomcatWebServer.java:104) ~[spring-boot-2.3.4.RELEASE.jar:2.3.4.RELEASE]
	at org.springframework.boot.web.embedded.tomcat.TomcatServletWebServerFactory.getTomcatWebServer(TomcatServletWebServerFactory.java:437) ~[spring-boot-2.3.4.RELEASE.jar:2.3.4.RELEASE]
	at org.springframework.boot.web.embedded.tomcat.TomcatServletWebServerFactory.getWebServer(TomcatServletWebServerFactory.java:191) ~[spring-boot-2.3.4.RELEASE.jar:2.3.4.RELEASE]
	at org.springframework.boot.web.servlet.context.ServletWebServerApplicationContext.createWebServer(ServletWebServerApplicationContext.java:178) ~[spring-boot-2.3.4.RELEASE.jar:2.3.4.RELEASE]
	at org.springframework.boot.web.servlet.context.ServletWebServerApplicationContext.onRefresh(ServletWebServerApplicationContext.java:158) ~[spring-boot-2.3.4.RELEASE.jar:2.3.4.RELEASE]
	at org.springframework.context.support.AbstractApplicationContext.refresh(AbstractApplicationContext.java:545) ~[spring-context-5.2.9.RELEASE.jar:5.2.9.RELEASE]
	at org.springframework.boot.web.servlet.context.ServletWebServerApplicationContext.refresh(ServletWebServerApplicationContext.java:143) ~[spring-boot-2.3.4.RELEASE.jar:2.3.4.RELEASE]
	at org.springframework.boot.SpringApplication.refresh(SpringApplication.java:758) ~[spring-boot-2.3.4.RELEASE.jar:2.3.4.RELEASE]
	at org.springframework.boot.SpringApplication.refresh(SpringApplication.java:750) ~[spring-boot-2.3.4.RELEASE.jar:2.3.4.RELEASE]
	at org.springframework.boot.SpringApplication.refreshContext(SpringApplication.java:397) ~[spring-boot-2.3.4.RELEASE.jar:2.3.4.RELEASE]
	at org.springframework.boot.SpringApplication.run(SpringApplication.java:315) ~[spring-boot-2.3.4.RELEASE.jar:2.3.4.RELEASE]
	at org.springframework.boot.SpringApplication.run(SpringApplication.java:1237) ~[spring-boot-2.3.4.RELEASE.jar:2.3.4.RELEASE]
	at org.springframework.boot.SpringApplication.run(SpringApplication.java:1226) ~[spring-boot-2.3.4.RELEASE.jar:2.3.4.RELEASE]
	at life.zhiyuan.community.community.CommunityApplication.main(CommunityApplication.java:12) ~[classes/:na]
	at sun.reflect.NativeMethodAccessorImpl.invoke0(Native Method) ~[na:1.8.0_261]
	at sun.reflect.NativeMethodAccessorImpl.invoke(NativeMethodAccessorImpl.java:62) ~[na:1.8.0_261]
	at sun.reflect.DelegatingMethodAccessorImpl.invoke(DelegatingMethodAccessorImpl.java:43) ~[na:1.8.0_261]
	at java.lang.reflect.Method.invoke(Method.java:498) ~[na:1.8.0_261]
	at org.springframework.boot.devtools.restart.RestartLauncher.run(RestartLauncher.java:49) ~[spring-boot-devtools-2.3.4.RELEASE.jar:2.3.4.RELEASE]
Caused by: java.lang.IllegalStateException: The file is locked: nio:C:/Users/slsher/community.mv.db [1.4.200/7]
	at org.h2.mvstore.DataUtils.newIllegalStateException(DataUtils.java:950) ~[h2-1.4.200.jar:1.4.200]
	at org.h2.mvstore.FileStore.open(FileStore.java:172) ~[h2-1.4.200.jar:1.4.200]
	at org.h2.mvstore.MVStore.<init>(MVStore.java:381) ~[h2-1.4.200.jar:1.4.200]
	at org.h2.mvstore.MVStore$Builder.open(MVStore.java:3579) ~[h2-1.4.200.jar:1.4.200]
	at org.h2.mvstore.db.MVTableEngine$Store.open(MVTableEngine.java:170) ~[h2-1.4.200.jar:1.4.200]
	... 89 common frames omitted

2020-10-30 20:06:03.238  INFO 12924 --- [restartedMain] o.s.s.concurrent.ThreadPoolTaskExecutor  : Initializing ExecutorService 'applicationTaskExecutor'
2020-10-30 20:06:03.323  INFO 12924 --- [restartedMain] o.s.b.a.w.s.WelcomePageHandlerMapping    : Adding welcome page template: index
2020-10-30 20:06:03.632  INFO 12924 --- [restartedMain] o.s.b.d.a.OptionalLiveReloadServer       : LiveReload server is running on port 35729
2020-10-30 20:06:03.656  INFO 12924 --- [restartedMain] o.s.b.w.embedded.tomcat.TomcatWebServer  : Tomcat started on port(s): 8887 (http) with context path ''
2020-10-30 20:06:03.664  INFO 12924 --- [restartedMain] l.z.c.community.CommunityApplication     : Started CommunityApplication in 3.322 seconds (JVM running for 3.973)
2020-10-30 20:06:03.775  INFO 12924 --- [http-nio-8887-exec-1] o.a.c.c.C.[Tomcat].[localhost].[/]       : Initializing Spring DispatcherServlet 'dispatcherServlet'
2020-10-30 20:06:03.775  INFO 12924 --- [http-nio-8887-exec-1] o.s.web.servlet.DispatcherServlet        : Initializing Servlet 'dispatcherServlet'
2020-10-30 20:06:03.779  INFO 12924 --- [http-nio-8887-exec-1] o.s.web.servlet.DispatcherServlet        : Completed initialization in 4 ms
2020-10-30 20:06:03.815  INFO 12924 --- [http-nio-8887-exec-1] com.zaxxer.hikari.HikariDataSource       : HikariPool-1 - Starting...
2020-10-30 20:06:04.820 ERROR 12924 --- [http-nio-8887-exec-1] com.zaxxer.hikari.pool.HikariPool        : HikariPool-1 - Exception during pool initialization.

org.h2.jdbc.JdbcSQLNonTransientConnectionException: Database may be already in use: null. Possible solutions: close all other connection(s); use the server mode [90020-200]
	at org.h2.message.DbException.getJdbcSQLException(DbException.java:622) ~[h2-1.4.200.jar:1.4.200]
	at org.h2.message.DbException.getJdbcSQLException(DbException.java:429) ~[h2-1.4.200.jar:1.4.200]
	at org.h2.message.DbException.get(DbException.java:194) ~[h2-1.4.200.jar:1.4.200]
	at org.h2.mvstore.db.MVTableEngine$Store.convertIllegalStateException(MVTableEngine.java:206) ~[h2-1.4.200.jar:1.4.200]
	at org.h2.mvstore.db.MVTableEngine$Store.open(MVTableEngine.java:182) ~[h2-1.4.200.jar:1.4.200]
	at org.h2.mvstore.db.MVTableEngine.init(MVTableEngine.java:103) ~[h2-1.4.200.jar:1.4.200]
	at org.h2.engine.Database.getPageStore(Database.java:2659) ~[h2-1.4.200.jar:1.4.200]
	at org.h2.engine.Database.open(Database.java:675) ~[h2-1.4.200.jar:1.4.200]
	at org.h2.engine.Database.openDatabase(Database.java:307) ~[h2-1.4.200.jar:1.4.200]
	at org.h2.engine.Database.<init>(Database.java:301) ~[h2-1.4.200.jar:1.4.200]
	at org.h2.engine.Engine.openSession(Engine.java:74) ~[h2-1.4.200.jar:1.4.200]
	at org.h2.engine.Engine.openSession(Engine.java:192) ~[h2-1.4.200.jar:1.4.200]
	at org.h2.engine.Engine.createSessionAndValidate(Engine.java:171) ~[h2-1.4.200.jar:1.4.200]
	at org.h2.engine.Engine.createSession(Engine.java:166) ~[h2-1.4.200.jar:1.4.200]
	at org.h2.engine.Engine.createSession(Engine.java:29) ~[h2-1.4.200.jar:1.4.200]
	at org.h2.engine.SessionRemote.connectEmbeddedOrServer(SessionRemote.java:340) ~[h2-1.4.200.jar:1.4.200]
	at org.h2.jdbc.JdbcConnection.<init>(JdbcConnection.java:173) ~[h2-1.4.200.jar:1.4.200]
	at org.h2.jdbc.JdbcConnection.<init>(JdbcConnection.java:152) ~[h2-1.4.200.jar:1.4.200]
	at org.h2.Driver.connect(Driver.java:69) ~[h2-1.4.200.jar:1.4.200]
	at com.zaxxer.hikari.util.DriverDataSource.getConnection(DriverDataSource.java:138) ~[HikariCP-3.4.5.jar:na]
	at com.zaxxer.hikari.pool.PoolBase.newConnection(PoolBase.java:358) ~[HikariCP-3.4.5.jar:na]
	at com.zaxxer.hikari.pool.PoolBase.newPoolEntry(PoolBase.java:206) ~[HikariCP-3.4.5.jar:na]
	at com.zaxxer.hikari.pool.HikariPool.createPoolEntry(HikariPool.java:477) [HikariCP-3.4.5.jar:na]
	at com.zaxxer.hikari.pool.HikariPool.checkFailFast(HikariPool.java:560) [HikariCP-3.4.5.jar:na]
	at com.zaxxer.hikari.pool.HikariPool.<init>(HikariPool.java:115) [HikariCP-3.4.5.jar:na]
	at com.zaxxer.hikari.HikariDataSource.getConnection(HikariDataSource.java:112) [HikariCP-3.4.5.jar:na]
	at org.springframework.jdbc.datasource.DataSourceUtils.fetchConnection(DataSourceUtils.java:158) [spring-jdbc-5.2.9.RELEASE.jar:5.2.9.RELEASE]
	at org.springframework.jdbc.datasource.DataSourceUtils.doGetConnection(DataSourceUtils.java:116) [spring-jdbc-5.2.9.RELEASE.jar:5.2.9.RELEASE]
	at org.springframework.jdbc.datasource.DataSourceUtils.getConnection(DataSourceUtils.java:79) [spring-jdbc-5.2.9.RELEASE.jar:5.2.9.RELEASE]
	at org.mybatis.spring.transaction.SpringManagedTransaction.openConnection(SpringManagedTransaction.java:80) [mybatis-spring-2.0.3.jar:2.0.3]
	at org.mybatis.spring.transaction.SpringManagedTransaction.getConnection(SpringManagedTransaction.java:67) [mybatis-spring-2.0.3.jar:2.0.3]
	at org.apache.ibatis.executor.BaseExecutor.getConnection(BaseExecutor.java:336) [mybatis-3.5.3.jar:3.5.3]
	at org.apache.ibatis.executor.SimpleExecutor.prepareStatement(SimpleExecutor.java:86) [mybatis-3.5.3.jar:3.5.3]
	at org.apache.ibatis.executor.SimpleExecutor.doQuery(SimpleExecutor.java:62) [mybatis-3.5.3.jar:3.5.3]
	at org.apache.ibatis.executor.BaseExecutor.queryFromDatabase(BaseExecutor.java:324) [mybatis-3.5.3.jar:3.5.3]
	at org.apache.ibatis.executor.BaseExecutor.query(BaseExecutor.java:156) [mybatis-3.5.3.jar:3.5.3]
	at org.apache.ibatis.executor.CachingExecutor.query(CachingExecutor.java:109) [mybatis-3.5.3.jar:3.5.3]
	at org.apache.ibatis.executor.CachingExecutor.query(CachingExecutor.java:83) [mybatis-3.5.3.jar:3.5.3]
	at org.apache.ibatis.session.defaults.DefaultSqlSession.selectList(DefaultSqlSession.java:147) [mybatis-3.5.3.jar:3.5.3]
	at org.apache.ibatis.session.defaults.DefaultSqlSession.selectList(DefaultSqlSession.java:140) [mybatis-3.5.3.jar:3.5.3]
	at org.apache.ibatis.session.defaults.DefaultSqlSession.selectOne(DefaultSqlSession.java:76) [mybatis-3.5.3.jar:3.5.3]
	at sun.reflect.NativeMethodAccessorImpl.invoke0(Native Method) ~[na:1.8.0_261]
	at sun.reflect.NativeMethodAccessorImpl.invoke(NativeMethodAccessorImpl.java:62) ~[na:1.8.0_261]
	at sun.reflect.DelegatingMethodAccessorImpl.invoke(DelegatingMethodAccessorImpl.java:43) ~[na:1.8.0_261]
	at java.lang.reflect.Method.invoke(Method.java:498) ~[na:1.8.0_261]
	at org.mybatis.spring.SqlSessionTemplate$SqlSessionInterceptor.invoke(SqlSessionTemplate.java:426) [mybatis-spring-2.0.3.jar:2.0.3]
	at com.sun.proxy.$Proxy55.selectOne(Unknown Source) [na:na]
	at org.mybatis.spring.SqlSessionTemplate.selectOne(SqlSessionTemplate.java:159) [mybatis-spring-2.0.3.jar:2.0.3]
	at org.apache.ibatis.binding.MapperMethod.execute(MapperMethod.java:87) [mybatis-3.5.3.jar:3.5.3]
	at org.apache.ibatis.binding.MapperProxy.invoke(MapperProxy.java:93) [mybatis-3.5.3.jar:3.5.3]
	at com.sun.proxy.$Proxy57.countBySearch(Unknown Source) [na:na]
	at life.zhiyuan.community.community.service.QuestionService.list(QuestionService.java:95) [classes/:na]
	at life.zhiyuan.community.community.controller.IndexController.index(IndexController.java:42) [classes/:na]
	at sun.reflect.NativeMethodAccessorImpl.invoke0(Native Method) ~[na:1.8.0_261]
	at sun.reflect.NativeMethodAccessorImpl.invoke(NativeMethodAccessorImpl.java:62) ~[na:1.8.0_261]
	at sun.reflect.DelegatingMethodAccessorImpl.invoke(DelegatingMethodAccessorImpl.java:43) ~[na:1.8.0_261]
	at java.lang.reflect.Method.invoke(Method.java:498) ~[na:1.8.0_261]
	at org.springframework.web.method.support.InvocableHandlerMethod.doInvoke(InvocableHandlerMethod.java:190) [spring-web-5.2.9.RELEASE.jar:5.2.9.RELEASE]
	at org.springframework.web.method.support.InvocableHandlerMethod.invokeForRequest(InvocableHandlerMethod.java:138) [spring-web-5.2.9.RELEASE.jar:5.2.9.RELEASE]
	at org.springframework.web.servlet.mvc.method.annotation.ServletInvocableHandlerMethod.invokeAndHandle(ServletInvocableHandlerMethod.java:105) [spring-webmvc-5.2.9.RELEASE.jar:5.2.9.RELEASE]
	at org.springframework.web.servlet.mvc.method.annotation.RequestMappingHandlerAdapter.invokeHandlerMethod(RequestMappingHandlerAdapter.java:878) [spring-webmvc-5.2.9.RELEASE.jar:5.2.9.RELEASE]
	at org.springframework.web.servlet.mvc.method.annotation.RequestMappingHandlerAdapter.handleInternal(RequestMappingHandlerAdapter.java:792) [spring-webmvc-5.2.9.RELEASE.jar:5.2.9.RELEASE]
	at org.springframework.web.servlet.mvc.method.AbstractHandlerMethodAdapter.handle(AbstractHandlerMethodAdapter.java:87) [spring-webmvc-5.2.9.RELEASE.jar:5.2.9.RELEASE]
	at org.springframework.web.servlet.DispatcherServlet.doDispatch(DispatcherServlet.java:1040) [spring-webmvc-5.2.9.RELEASE.jar:5.2.9.RELEASE]
	at org.springframework.web.servlet.DispatcherServlet.doService(DispatcherServlet.java:943) [spring-webmvc-5.2.9.RELEASE.jar:5.2.9.RELEASE]
	at org.springframework.web.servlet.FrameworkServlet.processRequest(FrameworkServlet.java:1006) [spring-webmvc-5.2.9.RELEASE.jar:5.2.9.RELEASE]
	at org.springframework.web.servlet.FrameworkServlet.doGet(FrameworkServlet.java:898) [spring-webmvc-5.2.9.RELEASE.jar:5.2.9.RELEASE]
	at javax.servlet.http.HttpServlet.service(HttpServlet.java:626) [tomcat-embed-core-9.0.38.jar:4.0.FR]
	at org.springframework.web.servlet.FrameworkServlet.service(FrameworkServlet.java:883) [spring-webmvc-5.2.9.RELEASE.jar:5.2.9.RELEASE]
	at javax.servlet.http.HttpServlet.service(HttpServlet.java:733) [tomcat-embed-core-9.0.38.jar:4.0.FR]
	at org.apache.catalina.core.ApplicationFilterChain.internalDoFilter(ApplicationFilterChain.java:231) [tomcat-embed-core-9.0.38.jar:9.0.38]
	at org.apache.catalina.core.ApplicationFilterChain.doFilter(ApplicationFilterChain.java:166) [tomcat-embed-core-9.0.38.jar:9.0.38]
	at org.apache.tomcat.websocket.server.WsFilter.doFilter(WsFilter.java:53) [tomcat-embed-websocket-9.0.38.jar:9.0.38]
	at org.apache.catalina.core.ApplicationFilterChain.internalDoFilter(ApplicationFilterChain.java:193) [tomcat-embed-core-9.0.38.jar:9.0.38]
	at org.apache.catalina.core.ApplicationFilterChain.doFilter(ApplicationFilterChain.java:166) [tomcat-embed-core-9.0.38.jar:9.0.38]
	at org.springframework.web.filter.RequestContextFilter.doFilterInternal(RequestContextFilter.java:100) [spring-web-5.2.9.RELEASE.jar:5.2.9.RELEASE]
	at org.springframework.web.filter.OncePerRequestFilter.doFilter(OncePerRequestFilter.java:119) [spring-web-5.2.9.RELEASE.jar:5.2.9.RELEASE]
	at org.apache.catalina.core.ApplicationFilterChain.internalDoFilter(ApplicationFilterChain.java:193) [tomcat-embed-core-9.0.38.jar:9.0.38]
	at org.apache.catalina.core.ApplicationFilterChain.doFilter(ApplicationFilterChain.java:166) [tomcat-embed-core-9.0.38.jar:9.0.38]
	at org.springframework.web.filter.FormContentFilter.doFilterInternal(FormContentFilter.java:93) [spring-web-5.2.9.RELEASE.jar:5.2.9.RELEASE]
	at org.springframework.web.filter.OncePerRequestFilter.doFilter(OncePerRequestFilter.java:119) [spring-web-5.2.9.RELEASE.jar:5.2.9.RELEASE]
	at org.apache.catalina.core.ApplicationFilterChain.internalDoFilter(ApplicationFilterChain.java:193) [tomcat-embed-core-9.0.38.jar:9.0.38]
	at org.apache.catalina.core.ApplicationFilterChain.doFilter(ApplicationFilterChain.java:166) [tomcat-embed-core-9.0.38.jar:9.0.38]
	at org.springframework.web.filter.CharacterEncodingFilter.doFilterInternal(CharacterEncodingFilter.java:201) [spring-web-5.2.9.RELEASE.jar:5.2.9.RELEASE]
	at org.springframework.web.filter.OncePerRequestFilter.doFilter(OncePerRequestFilter.java:119) [spring-web-5.2.9.RELEASE.jar:5.2.9.RELEASE]
	at org.apache.catalina.core.ApplicationFilterChain.internalDoFilter(ApplicationFilterChain.java:193) [tomcat-embed-core-9.0.38.jar:9.0.38]
	at org.apache.catalina.core.ApplicationFilterChain.doFilter(ApplicationFilterChain.java:166) [tomcat-embed-core-9.0.38.jar:9.0.38]
	at org.apache.catalina.core.StandardWrapperValve.invoke(StandardWrapperValve.java:202) [tomcat-embed-core-9.0.38.jar:9.0.38]
	at org.apache.catalina.core.StandardContextValve.invoke(StandardContextValve.java:97) [tomcat-embed-core-9.0.38.jar:9.0.38]
	at org.apache.catalina.authenticator.AuthenticatorBase.invoke(AuthenticatorBase.java:541) [tomcat-embed-core-9.0.38.jar:9.0.38]
	at org.apache.catalina.core.StandardHostValve.invoke(StandardHostValve.java:143) [tomcat-embed-core-9.0.38.jar:9.0.38]
	at org.apache.catalina.valves.ErrorReportValve.invoke(ErrorReportValve.java:92) [tomcat-embed-core-9.0.38.jar:9.0.38]
	at org.apache.catalina.core.StandardEngineValve.invoke(StandardEngineValve.java:78) [tomcat-embed-core-9.0.38.jar:9.0.38]
	at org.apache.catalina.connector.CoyoteAdapter.service(CoyoteAdapter.java:343) [tomcat-embed-core-9.0.38.jar:9.0.38]
	at org.apache.coyote.http11.Http11Processor.service(Http11Processor.java:374) [tomcat-embed-core-9.0.38.jar:9.0.38]
	at org.apache.coyote.AbstractProcessorLight.process(AbstractProcessorLight.java:65) [tomcat-embed-core-9.0.38.jar:9.0.38]
	at org.apache.coyote.AbstractProtocol$ConnectionHandler.process(AbstractProtocol.java:868) [tomcat-embed-core-9.0.38.jar:9.0.38]
	at org.apache.tomcat.util.net.NioEndpoint$SocketProcessor.doRun(NioEndpoint.java:1590) [tomcat-embed-core-9.0.38.jar:9.0.38]
	at org.apache.tomcat.util.net.SocketProcessorBase.run(SocketProcessorBase.java:49) [tomcat-embed-core-9.0.38.jar:9.0.38]
	at java.util.concurrent.ThreadPoolExecutor.runWorker(ThreadPoolExecutor.java:1149) [na:1.8.0_261]
	at java.util.concurrent.ThreadPoolExecutor$Worker.run(ThreadPoolExecutor.java:624) [na:1.8.0_261]
	at org.apache.tomcat.util.threads.TaskThread$WrappingRunnable.run(TaskThread.java:61) [tomcat-embed-core-9.0.38.jar:9.0.38]
	at java.lang.Thread.run(Thread.java:748) [na:1.8.0_261]
Caused by: java.lang.IllegalStateException: The file is locked: nio:C:/Users/slsher/community.mv.db [1.4.200/7]
	at org.h2.mvstore.DataUtils.newIllegalStateException(DataUtils.java:950) ~[h2-1.4.200.jar:1.4.200]
	at org.h2.mvstore.FileStore.open(FileStore.java:172) ~[h2-1.4.200.jar:1.4.200]
	at org.h2.mvstore.MVStore.<init>(MVStore.java:381) ~[h2-1.4.200.jar:1.4.200]
	at org.h2.mvstore.MVStore$Builder.open(MVStore.java:3579) ~[h2-1.4.200.jar:1.4.200]
	at org.h2.mvstore.db.MVTableEngine$Store.open(MVTableEngine.java:170) ~[h2-1.4.200.jar:1.4.200]
	... 98 common frames omitted

2020-10-30 20:06:04.827  WARN 12924 --- [http-nio-8887-exec-1] .m.m.a.ExceptionHandlerExceptionResolver : Resolved [org.mybatis.spring.MyBatisSystemException: nested exception is org.apache.ibatis.exceptions.PersistenceException: 
### Error querying database.  Cause: org.springframework.jdbc.CannotGetJdbcConnectionException: Failed to obtain JDBC Connection; nested exception is org.h2.jdbc.JdbcSQLNonTransientConnectionException: Database may be already in use: null. Possible solutions: close all other connection(s); use the server mode [90020-200]
### The error may exist in file [D:\Item\programmerCommunity\target\classes\mapper\QuestionExtMapper.xml]
### The error may involve life.zhiyuan.community.community.mapper.QuestionExtMapper.countBySearch
### The error occurred while executing a query
### Cause: org.springframework.jdbc.CannotGetJdbcConnectionException: Failed to obtain JDBC Connection; nested exception is org.h2.jdbc.JdbcSQLNonTransientConnectionException: Database may be already in use: null. Possible solutions: close all other connection(s); use the server mode [90020-200]]
2020-10-30 20:06:47.222  INFO 12924 --- [Thread-11] o.s.s.concurrent.ThreadPoolTaskExecutor  : Shutting down ExecutorService 'applicationTaskExecutor'
2020-10-30 20:06:47.326  INFO 12924 --- [restartedMain] l.z.c.community.CommunityApplication     : Starting CommunityApplication on DESKTOP-E4G1JJT with PID 12924 (D:\Item\programmerCommunity\target\classes started by slsher in D:\Item\programmerCommunity)
2020-10-30 20:06:47.327  INFO 12924 --- [restartedMain] l.z.c.community.CommunityApplication     : No active profile set, falling back to default profiles: default
2020-10-30 20:06:47.512  INFO 12924 --- [restartedMain] o.s.b.w.embedded.tomcat.TomcatWebServer  : Tomcat initialized with port(s): 8887 (http)
2020-10-30 20:06:47.512  INFO 12924 --- [restartedMain] o.apache.catalina.core.StandardService   : Starting service [Tomcat]
2020-10-30 20:06:47.512  INFO 12924 --- [restartedMain] org.apache.catalina.core.StandardEngine  : Starting Servlet engine: [Apache Tomcat/9.0.38]
2020-10-30 20:06:47.532  INFO 12924 --- [restartedMain] o.a.c.c.C.[Tomcat].[localhost].[/]       : Initializing Spring embedded WebApplicationContext
2020-10-30 20:06:47.532  INFO 12924 --- [restartedMain] w.s.c.ServletWebServerApplicationContext : Root WebApplicationContext: initialization completed in 204 ms
2020-10-30 20:06:47.542  INFO 12924 --- [restartedMain] com.zaxxer.hikari.HikariDataSource       : HikariPool-2 - Starting...
2020-10-30 20:06:48.545 ERROR 12924 --- [restartedMain] com.zaxxer.hikari.pool.HikariPool        : HikariPool-2 - Exception during pool initialization.

org.h2.jdbc.JdbcSQLNonTransientConnectionException: Database may be already in use: null. Possible solutions: close all other connection(s); use the server mode [90020-200]
	at org.h2.message.DbException.getJdbcSQLException(DbException.java:622) ~[h2-1.4.200.jar:1.4.200]
	at org.h2.message.DbException.getJdbcSQLException(DbException.java:429) ~[h2-1.4.200.jar:1.4.200]
	at org.h2.message.DbException.get(DbException.java:194) ~[h2-1.4.200.jar:1.4.200]
	at org.h2.mvstore.db.MVTableEngine$Store.convertIllegalStateException(MVTableEngine.java:206) ~[h2-1.4.200.jar:1.4.200]
	at org.h2.mvstore.db.MVTableEngine$Store.open(MVTableEngine.java:182) ~[h2-1.4.200.jar:1.4.200]
	at org.h2.mvstore.db.MVTableEngine.init(MVTableEngine.java:103) ~[h2-1.4.200.jar:1.4.200]
	at org.h2.engine.Database.getPageStore(Database.java:2659) ~[h2-1.4.200.jar:1.4.200]
	at org.h2.engine.Database.open(Database.java:675) ~[h2-1.4.200.jar:1.4.200]
	at org.h2.engine.Database.openDatabase(Database.java:307) ~[h2-1.4.200.jar:1.4.200]
	at org.h2.engine.Database.<init>(Database.java:301) ~[h2-1.4.200.jar:1.4.200]
	at org.h2.engine.Engine.openSession(Engine.java:74) ~[h2-1.4.200.jar:1.4.200]
	at org.h2.engine.Engine.openSession(Engine.java:192) ~[h2-1.4.200.jar:1.4.200]
	at org.h2.engine.Engine.createSessionAndValidate(Engine.java:171) ~[h2-1.4.200.jar:1.4.200]
	at org.h2.engine.Engine.createSession(Engine.java:166) ~[h2-1.4.200.jar:1.4.200]
	at org.h2.engine.Engine.createSession(Engine.java:29) ~[h2-1.4.200.jar:1.4.200]
	at org.h2.engine.SessionRemote.connectEmbeddedOrServer(SessionRemote.java:340) ~[h2-1.4.200.jar:1.4.200]
	at org.h2.jdbc.JdbcConnection.<init>(JdbcConnection.java:173) ~[h2-1.4.200.jar:1.4.200]
	at org.h2.jdbc.JdbcConnection.<init>(JdbcConnection.java:152) ~[h2-1.4.200.jar:1.4.200]
	at org.h2.Driver.connect(Driver.java:69) ~[h2-1.4.200.jar:1.4.200]
	at com.zaxxer.hikari.util.DriverDataSource.getConnection(DriverDataSource.java:138) ~[HikariCP-3.4.5.jar:na]
	at com.zaxxer.hikari.pool.PoolBase.newConnection(PoolBase.java:358) ~[HikariCP-3.4.5.jar:na]
	at com.zaxxer.hikari.pool.PoolBase.newPoolEntry(PoolBase.java:206) ~[HikariCP-3.4.5.jar:na]
	at com.zaxxer.hikari.pool.HikariPool.createPoolEntry(HikariPool.java:477) [HikariCP-3.4.5.jar:na]
	at com.zaxxer.hikari.pool.HikariPool.checkFailFast(HikariPool.java:560) [HikariCP-3.4.5.jar:na]
	at com.zaxxer.hikari.pool.HikariPool.<init>(HikariPool.java:115) [HikariCP-3.4.5.jar:na]
	at com.zaxxer.hikari.HikariDataSource.getConnection(HikariDataSource.java:112) [HikariCP-3.4.5.jar:na]
	at org.springframework.boot.autoconfigure.h2.H2ConsoleAutoConfiguration.lambda$h2Console$0(H2ConsoleAutoConfiguration.java:73) [spring-boot-autoconfigure-2.3.4.RELEASE.jar:2.3.4.RELEASE]
	at org.springframework.beans.factory.ObjectProvider.ifAvailable(ObjectProvider.java:93) ~[spring-beans-5.2.9.RELEASE.jar:5.2.9.RELEASE]
	at org.springframework.boot.autoconfigure.h2.H2ConsoleAutoConfiguration.h2Console(H2ConsoleAutoConfiguration.java:72) [spring-boot-autoconfigure-2.3.4.RELEASE.jar:2.3.4.RELEASE]
	at sun.reflect.NativeMethodAccessorImpl.invoke0(Native Method) ~[na:1.8.0_261]
	at sun.reflect.NativeMethodAccessorImpl.invoke(NativeMethodAccessorImpl.java:62) ~[na:1.8.0_261]
	at sun.reflect.DelegatingMethodAccessorImpl.invoke(DelegatingMethodAccessorImpl.java:43) ~[na:1.8.0_261]
	at java.lang.reflect.Method.invoke(Method.java:498) ~[na:1.8.0_261]
	at org.springframework.beans.factory.support.SimpleInstantiationStrategy.instantiate(SimpleInstantiationStrategy.java:154) ~[spring-beans-5.2.9.RELEASE.jar:5.2.9.RELEASE]
	at org.springframework.beans.factory.support.ConstructorResolver.instantiate(ConstructorResolver.java:650) ~[spring-beans-5.2.9.RELEASE.jar:5.2.9.RELEASE]
	at org.springframework.beans.factory.support.ConstructorResolver.instantiateUsingFactoryMethod(ConstructorResolver.java:635) ~[spring-beans-5.2.9.RELEASE.jar:5.2.9.RELEASE]
	at org.springframework.beans.factory.support.AbstractAutowireCapableBeanFactory.instantiateUsingFactoryMethod(AbstractAutowireCapableBeanFactory.java:1336) ~[spring-beans-5.2.9.RELEASE.jar:5.2.9.RELEASE]
	at org.springframework.beans.factory.support.AbstractAutowireCapableBeanFactory.createBeanInstance(AbstractAutowireCapableBeanFactory.java:1176) ~[spring-beans-5.2.9.RELEASE.jar:5.2.9.RELEASE]
	at org.springframework.beans.factory.support.AbstractAutowireCapableBeanFactory.doCreateBean(AbstractAutowireCapableBeanFactory.java:556) ~[spring-beans-5.2.9.RELEASE.jar:5.2.9.RELEASE]
	at org.springframework.beans.factory.support.AbstractAutowireCapableBeanFactory.createBean(AbstractAutowireCapableBeanFactory.java:516) ~[spring-beans-5.2.9.RELEASE.jar:5.2.9.RELEASE]
	at org.springframework.beans.factory.support.AbstractBeanFactory.lambda$doGetBean$0(AbstractBeanFactory.java:324) ~[spring-beans-5.2.9.RELEASE.jar:5.2.9.RELEASE]
	at org.springframework.beans.factory.support.DefaultSingletonBeanRegistry.getSingleton(DefaultSingletonBeanRegistry.java:234) ~[spring-beans-5.2.9.RELEASE.jar:5.2.9.RELEASE]
	at org.springframework.beans.factory.support.AbstractBeanFactory.doGetBean(AbstractBeanFactory.java:322) ~[spring-beans-5.2.9.RELEASE.jar:5.2.9.RELEASE]
	at org.springframework.beans.factory.support.AbstractBeanFactory.getBean(AbstractBeanFactory.java:207) ~[spring-beans-5.2.9.RELEASE.jar:5.2.9.RELEASE]
	at org.springframework.boot.web.servlet.ServletContextInitializerBeans.getOrderedBeansOfType(ServletContextInitializerBeans.java:211) ~[spring-boot-2.3.4.RELEASE.jar:2.3.4.RELEASE]
	at org.springframework.boot.web.servlet.ServletContextInitializerBeans.getOrderedBeansOfType(ServletContextInitializerBeans.java:202) ~[spring-boot-2.3.4.RELEASE.jar:2.3.4.RELEASE]
	at org.springframework.boot.web.servlet.ServletContextInitializerBeans.addServletContextInitializerBeans(ServletContextInitializerBeans.java:96) ~[spring-boot-2.3.4.RELEASE.jar:2.3.4.RELEASE]
	at org.springframework.boot.web.servlet.ServletContextInitializerBeans.<init>(ServletContextInitializerBeans.java:85) ~[spring-boot-2.3.4.RELEASE.jar:2.3.4.RELEASE]
	at org.springframework.boot.web.servlet.context.ServletWebServerApplicationContext.getServletContextInitializerBeans(ServletWebServerApplicationContext.java:255) ~[spring-boot-2.3.4.RELEASE.jar:2.3.4.RELEASE]
	at org.springframework.boot.web.servlet.context.ServletWebServerApplicationContext.selfInitialize(ServletWebServerApplicationContext.java:229) ~[spring-boot-2.3.4.RELEASE.jar:2.3.4.RELEASE]
	at org.springframework.boot.web.embedded.tomcat.TomcatStarter.onStartup(TomcatStarter.java:53) ~[spring-boot-2.3.4.RELEASE.jar:2.3.4.RELEASE]
	at org.apache.catalina.core.StandardContext.startInternal(StandardContext.java:5128) ~[tomcat-embed-core-9.0.38.jar:9.0.38]
	at org.apache.catalina.util.LifecycleBase.start(LifecycleBase.java:183) ~[tomcat-embed-core-9.0.38.jar:9.0.38]
	at org.apache.catalina.core.ContainerBase$StartChild.call(ContainerBase.java:1384) ~[tomcat-embed-core-9.0.38.jar:9.0.38]
	at org.apache.catalina.core.ContainerBase$StartChild.call(ContainerBase.java:1374) ~[tomcat-embed-core-9.0.38.jar:9.0.38]
	at java.util.concurrent.FutureTask.run(FutureTask.java:266) ~[na:1.8.0_261]
	at org.apache.tomcat.util.threads.InlineExecutorService.execute(InlineExecutorService.java:75) ~[tomcat-embed-core-9.0.38.jar:9.0.38]
	at java.util.concurrent.AbstractExecutorService.submit(AbstractExecutorService.java:134) ~[na:1.8.0_261]
	at org.apache.catalina.core.ContainerBase.startInternal(ContainerBase.java:909) ~[tomcat-embed-core-9.0.38.jar:9.0.38]
	at org.apache.catalina.core.StandardHost.startInternal(StandardHost.java:843) ~[tomcat-embed-core-9.0.38.jar:9.0.38]
	at org.apache.catalina.util.LifecycleBase.start(LifecycleBase.java:183) ~[tomcat-embed-core-9.0.38.jar:9.0.38]
	at org.apache.catalina.core.ContainerBase$StartChild.call(ContainerBase.java:1384) ~[tomcat-embed-core-9.0.38.jar:9.0.38]
	at org.apache.catalina.core.ContainerBase$StartChild.call(ContainerBase.java:1374) ~[tomcat-embed-core-9.0.38.jar:9.0.38]
	at java.util.concurrent.FutureTask.run(FutureTask.java:266) ~[na:1.8.0_261]
	at org.apache.tomcat.util.threads.InlineExecutorService.execute(InlineExecutorService.java:75) ~[tomcat-embed-core-9.0.38.jar:9.0.38]
	at java.util.concurrent.AbstractExecutorService.submit(AbstractExecutorService.java:134) ~[na:1.8.0_261]
	at org.apache.catalina.core.ContainerBase.startInternal(ContainerBase.java:909) ~[tomcat-embed-core-9.0.38.jar:9.0.38]
	at org.apache.catalina.core.StandardEngine.startInternal(StandardEngine.java:262) ~[tomcat-embed-core-9.0.38.jar:9.0.38]
	at org.apache.catalina.util.LifecycleBase.start(LifecycleBase.java:183) ~[tomcat-embed-core-9.0.38.jar:9.0.38]
	at org.apache.catalina.core.StandardService.startInternal(StandardService.java:421) ~[tomcat-embed-core-9.0.38.jar:9.0.38]
	at org.apache.catalina.util.LifecycleBase.start(LifecycleBase.java:183) ~[tomcat-embed-core-9.0.38.jar:9.0.38]
	at org.apache.catalina.core.StandardServer.startInternal(StandardServer.java:930) ~[tomcat-embed-core-9.0.38.jar:9.0.38]
	at org.apache.catalina.util.LifecycleBase.start(LifecycleBase.java:183) ~[tomcat-embed-core-9.0.38.jar:9.0.38]
	at org.apache.catalina.startup.Tomcat.start(Tomcat.java:486) ~[tomcat-embed-core-9.0.38.jar:9.0.38]
	at org.springframework.boot.web.embedded.tomcat.TomcatWebServer.initialize(TomcatWebServer.java:123) ~[spring-boot-2.3.4.RELEASE.jar:2.3.4.RELEASE]
	at org.springframework.boot.web.embedded.tomcat.TomcatWebServer.<init>(TomcatWebServer.java:104) ~[spring-boot-2.3.4.RELEASE.jar:2.3.4.RELEASE]
	at org.springframework.boot.web.embedded.tomcat.TomcatServletWebServerFactory.getTomcatWebServer(TomcatServletWebServerFactory.java:437) ~[spring-boot-2.3.4.RELEASE.jar:2.3.4.RELEASE]
	at org.springframework.boot.web.embedded.tomcat.TomcatServletWebServerFactory.getWebServer(TomcatServletWebServerFactory.java:191) ~[spring-boot-2.3.4.RELEASE.jar:2.3.4.RELEASE]
	at org.springframework.boot.web.servlet.context.ServletWebServerApplicationContext.createWebServer(ServletWebServerApplicationContext.java:178) ~[spring-boot-2.3.4.RELEASE.jar:2.3.4.RELEASE]
	at org.springframework.boot.web.servlet.context.ServletWebServerApplicationContext.onRefresh(ServletWebServerApplicationContext.java:158) ~[spring-boot-2.3.4.RELEASE.jar:2.3.4.RELEASE]
	at org.springframework.context.support.AbstractApplicationContext.refresh(AbstractApplicationContext.java:545) ~[spring-context-5.2.9.RELEASE.jar:5.2.9.RELEASE]
	at org.springframework.boot.web.servlet.context.ServletWebServerApplicationContext.refresh(ServletWebServerApplicationContext.java:143) ~[spring-boot-2.3.4.RELEASE.jar:2.3.4.RELEASE]
	at org.springframework.boot.SpringApplication.refresh(SpringApplication.java:758) ~[spring-boot-2.3.4.RELEASE.jar:2.3.4.RELEASE]
	at org.springframework.boot.SpringApplication.refresh(SpringApplication.java:750) ~[spring-boot-2.3.4.RELEASE.jar:2.3.4.RELEASE]
	at org.springframework.boot.SpringApplication.refreshContext(SpringApplication.java:397) ~[spring-boot-2.3.4.RELEASE.jar:2.3.4.RELEASE]
	at org.springframework.boot.SpringApplication.run(SpringApplication.java:315) ~[spring-boot-2.3.4.RELEASE.jar:2.3.4.RELEASE]
	at org.springframework.boot.SpringApplication.run(SpringApplication.java:1237) ~[spring-boot-2.3.4.RELEASE.jar:2.3.4.RELEASE]
	at org.springframework.boot.SpringApplication.run(SpringApplication.java:1226) ~[spring-boot-2.3.4.RELEASE.jar:2.3.4.RELEASE]
	at life.zhiyuan.community.community.CommunityApplication.main(CommunityApplication.java:12) ~[classes/:na]
	at sun.reflect.NativeMethodAccessorImpl.invoke0(Native Method) ~[na:1.8.0_261]
	at sun.reflect.NativeMethodAccessorImpl.invoke(NativeMethodAccessorImpl.java:62) ~[na:1.8.0_261]
	at sun.reflect.DelegatingMethodAccessorImpl.invoke(DelegatingMethodAccessorImpl.java:43) ~[na:1.8.0_261]
	at java.lang.reflect.Method.invoke(Method.java:498) ~[na:1.8.0_261]
	at org.springframework.boot.devtools.restart.RestartLauncher.run(RestartLauncher.java:49) ~[spring-boot-devtools-2.3.4.RELEASE.jar:2.3.4.RELEASE]
Caused by: java.lang.IllegalStateException: The file is locked: nio:C:/Users/slsher/community.mv.db [1.4.200/7]
	at org.h2.mvstore.DataUtils.newIllegalStateException(DataUtils.java:950) ~[h2-1.4.200.jar:1.4.200]
	at org.h2.mvstore.FileStore.open(FileStore.java:172) ~[h2-1.4.200.jar:1.4.200]
	at org.h2.mvstore.MVStore.<init>(MVStore.java:381) ~[h2-1.4.200.jar:1.4.200]
	at org.h2.mvstore.MVStore$Builder.open(MVStore.java:3579) ~[h2-1.4.200.jar:1.4.200]
	at org.h2.mvstore.db.MVTableEngine$Store.open(MVTableEngine.java:170) ~[h2-1.4.200.jar:1.4.200]
	... 89 common frames omitted

2020-10-30 20:06:48.657  INFO 12924 --- [restartedMain] o.s.s.concurrent.ThreadPoolTaskExecutor  : Initializing ExecutorService 'applicationTaskExecutor'
2020-10-30 20:06:48.667  INFO 12924 --- [restartedMain] o.s.b.a.w.s.WelcomePageHandlerMapping    : Adding welcome page template: index
2020-10-30 20:06:48.894  INFO 12924 --- [restartedMain] o.s.b.d.a.OptionalLiveReloadServer       : LiveReload server is running on port 35729
2020-10-30 20:06:48.902  INFO 12924 --- [restartedMain] o.s.b.w.embedded.tomcat.TomcatWebServer  : Tomcat started on port(s): 8887 (http) with context path ''
2020-10-30 20:06:48.905  INFO 12924 --- [restartedMain] l.z.c.community.CommunityApplication     : Started CommunityApplication in 1.598 seconds (JVM running for 49.215)
2020-10-30 20:06:48.906  INFO 12924 --- [restartedMain] .ConditionEvaluationDeltaLoggingListener : Condition evaluation unchanged
2020-10-30 20:07:16.675  INFO 11604 --- [restartedMain] l.z.c.community.CommunityApplication     : Starting CommunityApplication on DESKTOP-E4G1JJT with PID 11604 (D:\Item\programmerCommunity\target\classes started by slsher in D:\Item\programmerCommunity)
2020-10-30 20:07:16.678  INFO 11604 --- [restartedMain] l.z.c.community.CommunityApplication     : No active profile set, falling back to default profiles: default
2020-10-30 20:07:16.728  INFO 11604 --- [restartedMain] .e.DevToolsPropertyDefaultsPostProcessor : Devtools property defaults active! Set 'spring.devtools.add-properties' to 'false' to disable
2020-10-30 20:07:16.729  INFO 11604 --- [restartedMain] .e.DevToolsPropertyDefaultsPostProcessor : For additional web related logging consider setting the 'logging.level.web' property to 'DEBUG'
2020-10-30 20:07:17.499  INFO 11604 --- [restartedMain] o.s.b.w.embedded.tomcat.TomcatWebServer  : Tomcat initialized with port(s): 8887 (http)
2020-10-30 20:07:17.505  INFO 11604 --- [restartedMain] o.apache.catalina.core.StandardService   : Starting service [Tomcat]
2020-10-30 20:07:17.505  INFO 11604 --- [restartedMain] org.apache.catalina.core.StandardEngine  : Starting Servlet engine: [Apache Tomcat/9.0.38]
2020-10-30 20:07:17.561  INFO 11604 --- [restartedMain] o.a.c.c.C.[Tomcat].[localhost].[/]       : Initializing Spring embedded WebApplicationContext
2020-10-30 20:07:17.561  INFO 11604 --- [restartedMain] w.s.c.ServletWebServerApplicationContext : Root WebApplicationContext: initialization completed in 832 ms
2020-10-30 20:07:17.590  INFO 11604 --- [restartedMain] com.zaxxer.hikari.HikariDataSource       : HikariPool-1 - Starting...
2020-10-30 20:07:17.792  INFO 11604 --- [restartedMain] com.zaxxer.hikari.HikariDataSource       : HikariPool-1 - Start completed.
2020-10-30 20:07:17.796  INFO 11604 --- [restartedMain] o.s.b.a.h2.H2ConsoleAutoConfiguration    : H2 console available at '/h2-console'. Database available at 'jdbc:h2:~/community'
2020-10-30 20:07:18.211  INFO 11604 --- [restartedMain] o.s.s.concurrent.ThreadPoolTaskExecutor  : Initializing ExecutorService 'applicationTaskExecutor'
2020-10-30 20:07:18.254  INFO 11604 --- [restartedMain] o.s.b.a.w.s.WelcomePageHandlerMapping    : Adding welcome page template: index
2020-10-30 20:07:18.553  INFO 11604 --- [restartedMain] o.s.b.d.a.OptionalLiveReloadServer       : LiveReload server is running on port 35729
2020-10-30 20:07:18.578  INFO 11604 --- [restartedMain] o.s.b.w.embedded.tomcat.TomcatWebServer  : Tomcat started on port(s): 8887 (http) with context path ''
2020-10-30 20:07:18.586  INFO 11604 --- [restartedMain] l.z.c.community.CommunityApplication     : Started CommunityApplication in 2.161 seconds (JVM running for 2.644)
2020-10-30 20:07:18.927  INFO 11604 --- [http-nio-8887-exec-1] o.a.c.c.C.[Tomcat].[localhost].[/]       : Initializing Spring DispatcherServlet 'dispatcherServlet'
2020-10-30 20:07:18.927  INFO 11604 --- [http-nio-8887-exec-1] o.s.web.servlet.DispatcherServlet        : Initializing Servlet 'dispatcherServlet'
2020-10-30 20:07:18.931  INFO 11604 --- [http-nio-8887-exec-1] o.s.web.servlet.DispatcherServlet        : Completed initialization in 4 ms
2020-10-30 20:07:18.978 DEBUG 11604 --- [http-nio-8887-exec-1] l.z.c.c.m.Q.countBySearch                : ==>  Preparing: select count(*) from QUESTION 
2020-10-30 20:07:19.002 DEBUG 11604 --- [http-nio-8887-exec-1] l.z.c.c.m.Q.countBySearch                : ==> Parameters: 
2020-10-30 20:07:19.015 DEBUG 11604 --- [http-nio-8887-exec-1] l.z.c.c.m.Q.countBySearch                : <==      Total: 1
2020-10-30 20:07:19.016 DEBUG 11604 --- [http-nio-8887-exec-1] l.z.c.c.m.Q.selectBySearch               : ==>  Preparing: select * from QUESTION order by gmt_create desc limit ?,? 
2020-10-30 20:07:19.018 DEBUG 11604 --- [http-nio-8887-exec-1] l.z.c.c.m.Q.selectBySearch               : ==> Parameters: 0(Integer), 10(Integer)
2020-10-30 20:07:19.023 DEBUG 11604 --- [http-nio-8887-exec-1] l.z.c.c.m.Q.selectBySearch               : <==      Total: 4
2020-10-30 20:07:19.024 DEBUG 11604 --- [http-nio-8887-exec-1] l.z.c.c.m.UserMapper.selectByPrimaryKey  : ==>  Preparing: select ID, ACCOUNT_ID, NAME, TOKEN, GMT_CREATE, GMT_MODIFIED, BIO, AVATAR_URL from USER where ID = ? 
2020-10-30 20:07:19.025 DEBUG 11604 --- [http-nio-8887-exec-1] l.z.c.c.m.UserMapper.selectByPrimaryKey  : ==> Parameters: 486(Long)
2020-10-30 20:07:19.026 DEBUG 11604 --- [http-nio-8887-exec-1] l.z.c.c.m.UserMapper.selectByPrimaryKey  : <==      Total: 1
2020-10-30 20:07:19.030 DEBUG 11604 --- [http-nio-8887-exec-1] l.z.c.c.m.UserMapper.selectByPrimaryKey  : ==>  Preparing: select ID, ACCOUNT_ID, NAME, TOKEN, GMT_CREATE, GMT_MODIFIED, BIO, AVATAR_URL from USER where ID = ? 
2020-10-30 20:07:19.030 DEBUG 11604 --- [http-nio-8887-exec-1] l.z.c.c.m.UserMapper.selectByPrimaryKey  : ==> Parameters: 486(Long)
2020-10-30 20:07:19.031 DEBUG 11604 --- [http-nio-8887-exec-1] l.z.c.c.m.UserMapper.selectByPrimaryKey  : <==      Total: 1
2020-10-30 20:07:19.031 DEBUG 11604 --- [http-nio-8887-exec-1] l.z.c.c.m.UserMapper.selectByPrimaryKey  : ==>  Preparing: select ID, ACCOUNT_ID, NAME, TOKEN, GMT_CREATE, GMT_MODIFIED, BIO, AVATAR_URL from USER where ID = ? 
2020-10-30 20:07:19.032 DEBUG 11604 --- [http-nio-8887-exec-1] l.z.c.c.m.UserMapper.selectByPrimaryKey  : ==> Parameters: 486(Long)
2020-10-30 20:07:19.032 DEBUG 11604 --- [http-nio-8887-exec-1] l.z.c.c.m.UserMapper.selectByPrimaryKey  : <==      Total: 1
2020-10-30 20:07:19.032 DEBUG 11604 --- [http-nio-8887-exec-1] l.z.c.c.m.UserMapper.selectByPrimaryKey  : ==>  Preparing: select ID, ACCOUNT_ID, NAME, TOKEN, GMT_CREATE, GMT_MODIFIED, BIO, AVATAR_URL from USER where ID = ? 
2020-10-30 20:07:19.032 DEBUG 11604 --- [http-nio-8887-exec-1] l.z.c.c.m.UserMapper.selectByPrimaryKey  : ==> Parameters: 486(Long)
2020-10-30 20:07:19.033 DEBUG 11604 --- [http-nio-8887-exec-1] l.z.c.c.m.UserMapper.selectByPrimaryKey  : <==      Total: 1
